\BOOKMARK [1][-]{Doc-Start}{\376\377\000W\000s\000t\001\031\000p}{}% 1
\BOOKMARK [1][-]{section.1}{\376\377\000B\000a\000d\000a\000n\000i\000e\000\040\000m\000e\000c\000h\000a\000n\000i\000z\000m\000u\000\040\000m\000a\000p\000o\000w\000a\000n\000i\000a\000\040\000z\000a\000s\000o\000b\000\363\000w\000\040\000u\000s\001\102\000u\000g\000\040\000k\000a\000t\000a\000l\000o\000g\000o\000w\000y\000c\000h}{}% 2
\BOOKMARK [2][-]{subsection.1.1}{\376\377\000A\000d\000r\000e\000s\000\040\000s\000e\000r\000w\000e\000r\000a\000\040\000\050\000n\000o\000t\000a\000c\000j\000a\000\040\000U\000N\000C\000\051}{section.1}% 3
\BOOKMARK [2][-]{subsection.1.2}{\376\377\000A\000d\000r\000e\000s\000\040\000o\000b\000i\000e\000k\000t\000u\000\040\000b\000a\000z\000y\000\040\000d\000a\000n\000y\000c\000h\000\040\000u\000s\001\102\000u\000g\000\040\000k\000a\000t\000a\000l\000o\000g\000o\000w\000y\000c\000h}{section.1}% 4
\BOOKMARK [1][-]{section.2}{\376\377\000I\000d\000e\000n\000t\000y\000f\000i\000k\000a\000c\000j\000a\000\040\000z\000a\000s\000o\000b\000\363\000w\000\040\000s\000i\000e\000c\000i\000o\000w\000y\000c\000h\000\040\000p\000r\000z\000y\001\102\001\005\000c\000z\000a\000n\000y\000c\000h\000\040\000p\000r\000z\000e\000z\000\040\000s\000k\000r\000y\000p\000t\000\040\000l\000o\000g\000o\000w\000a\000n\000i\000a\000\040\000k\000o\000n\000t\000e\000n\000e\000r\000a}{}% 5
\BOOKMARK [1][-]{section.3}{\376\377\000B\000a\000d\000a\000n\000i\000e\000\040\000m\000e\000c\000h\000a\000n\000i\000z\000m\000u\000\040\000k\000o\000p\000i\000o\000w\000a\000n\000i\000a\000\040\000N\000e\000t\000W\000a\000r\000e}{}% 6
\BOOKMARK [1][-]{section.4}{\376\377\000B\000a\000d\000a\000n\000i\000e\000\040\000s\000y\000s\000t\000e\000m\000u\000\040\000k\000o\000m\000u\000n\000i\000k\000a\000t\000\363\000w}{}% 7
\BOOKMARK [1][-]{section.5}{\376\377\000B\000a\000d\000a\000n\000i\000e\000\040\000i\000\040\000p\000r\000z\000e\000d\000s\000t\000a\000w\000i\000e\000n\000i\000e\000\040\000r\000e\000k\000o\000r\000d\000\363\000w\000\040\000b\000a\000z\000y\000\040\000d\000a\000n\000y\000c\000h\000\040\000u\000s\001\102\000u\000g\000\040\000k\000a\000t\000a\000l\000o\000g\000o\000w\000y\000c\000h}{}% 8
\BOOKMARK [1][-]{section.6}{\376\377\000B\000a\000d\000a\000n\000i\000e\000\040\000z\000a\000s\000o\000b\000\363\000w\000\040\000d\000y\000s\000k\000o\000w\000y\000c\000h}{}% 9
\BOOKMARK [2][-]{subsection.6.1}{\376\377\000Z\000a\000s\000o\000b\000y\000,\000\040\000d\000o\000\040\000k\000t\000\363\000r\000y\000c\000h\000\040\000u\001\174\000y\000t\000k\000o\000w\000n\000i\000k\000\040\000m\000a\000\040\000n\000a\000d\000a\000n\000e\000\040\000b\000e\000z\000p\000o\001\133\000r\000e\000d\000n\000i\000e\000\040\000p\000r\000a\000w\000a}{section.6}% 10
\BOOKMARK [3][-]{subsubsection.6.1.1}{\376\377\000D\000y\000s\000k\000\040\000F\000:\000\040\000\050\000U\000S\000R\0001\000:\000\134\000S\000T\000U\000D\000\134\0003\0003\0007\0003\0003\0008\000\051}{subsection.6.1}% 11
\BOOKMARK [2][-]{subsection.6.2}{\376\377\000Z\000a\000s\000o\000b\000y\000,\000\040\000d\000o\000\040\000k\000t\000\363\000r\000y\000c\000h\000\040\000u\001\174\000y\000t\000k\000o\000w\000n\000i\000k\000\040\000m\000a\000\040\000p\000r\000a\000w\000a\000\040\000w\000y\000n\000i\000k\000a\000j\001\005\000c\000e\000\040\000z\000\040\000d\000z\000i\000e\000d\000z\000i\000c\000z\000e\000n\000i\000a}{section.6}% 12
\BOOKMARK [3][-]{subsubsection.6.2.1}{\376\377\000D\000y\000s\000k\000\040\000Z\000:\000\040\000\050\000N\000W\0005\000S\000Y\000S\000\137\000P\000U\000B\000:\000\134\000P\000U\000B\000L\000I\000C\000\051}{subsection.6.2}% 13
\BOOKMARK [3][-]{subsubsection.6.2.2}{\376\377\000D\000y\000s\000k\000\040\000U\000:\000\040\000\050\000U\000S\000R\0001\000:\000\134\000S\000T\000U\000D\000\051}{subsection.6.2}% 14
\BOOKMARK [3][-]{subsubsection.6.2.3}{\376\377\000D\000y\000s\000k\000\040\000X\000:\000\040\000\050\000T\000E\000M\000P\000\051}{subsection.6.2}% 15
\BOOKMARK [3][-]{subsubsection.6.2.4}{\376\377\000D\000y\000s\000k\000\040\000Y\000:\000\040\000\050\000F\000T\000P\000\051}{subsection.6.2}% 16
\BOOKMARK [1][-]{section.7}{\376\377\000N\000a\000d\000a\000n\000i\000e\000\040\000w\000y\000b\000r\000a\000n\000y\000c\000h\000\040\000p\000r\000a\000w\000\040\000i\000n\000n\000e\000m\000u\000\040\000u\001\174\000y\000t\000k\000o\000w\000n\000i\000k\000o\000w\000i}{}% 17
\BOOKMARK [1][-]{section.8}{\376\377\000B\000a\000d\000a\000n\000i\000e\000\040\000w\000y\000b\000r\000a\000n\000e\000g\000o\000\040\000o\000b\000i\000e\000k\000t\000u}{}% 18
\BOOKMARK [2][-]{subsection.8.1}{\376\377\000S\000e\000r\000w\000e\000r}{section.8}% 19
\BOOKMARK [2][-]{subsection.8.2}{\376\377\000W\000o\000l\000u\000m\000e\000n\000\040\000s\000i\000e\000c\000i\000o\000w\000y}{section.8}% 20
\BOOKMARK [2][-]{subsection.8.3}{\376\377\000K\000a\000t\000a\000l\000o\000g}{section.8}% 21
\BOOKMARK [2][-]{subsection.8.4}{\376\377\000P\000l\000i\000k}{section.8}% 22
\BOOKMARK [1][-]{section.9}{\376\377\000B\000a\000d\000a\000n\000i\000e\000\040\000m\000e\000c\000h\000a\000n\000i\000z\000m\000u\000\040\000o\000d\000z\000y\000s\000k\000i\000w\000a\000n\000i\000a\000\040\000u\000s\000u\000n\000i\001\031\000t\000y\000c\000h\000\040\000p\000l\000i\000k\000\363\000w}{}% 23
\BOOKMARK [1][-]{section.10}{\376\377\000M\000o\000d\000y\000f\000i\000k\000a\000c\000j\000a\000\040\000s\000k\000r\000y\000p\000t\000u\000\040\000l\000o\000g\000o\000w\000a\000n\000i\000a}{}% 24
\BOOKMARK [1][-]{section.11}{\376\377\000W\001\102\000a\001\133\000c\000i\000w\000o\001\133\000c\000i\000\040\000i\000\040\000p\000a\000r\000a\000m\000e\000t\000r\000y\000\040\000d\000o\000m\000y\001\133\000l\000n\000e\000g\000o\000\040\000p\000r\000o\000f\000i\000l\000u\000\040\000l\000o\000g\000o\000w\000a\000n\000i\000a}{}% 25
\BOOKMARK [1][-]{section.12}{\376\377\000L\000i\000s\000t\000a\000\040\000d\000r\000u\000k\000a\000r\000e\000k}{}% 26
\BOOKMARK [2][-]{subsection.12.1}{\376\377\000U\000s\001\102\000u\000g\000a\000\040\000O\000p\000e\000n\000T\000e\000x\000t\000\040\000i\000P\000r\000i\000n\000t}{section.12}% 27
\BOOKMARK [2][-]{subsection.12.2}{\376\377\000A\000p\000l\000e\000t\000\040\000U\000r\000z\001\005\000d\000z\000e\000n\000i\000a\000\040\000i\000\040\000d\000r\000u\000k\000a\000r\000k\000i\000\040\000w\000\040\000s\000y\000s\000t\000e\000m\000i\000e\000\040\000W\000i\000n\000d\000o\000w\000s}{section.12}% 28
\BOOKMARK [1][-]{section.13}{\376\377\000B\000a\000d\000a\000n\000i\000e\000\040\000p\000a\000r\000a\000m\000e\000t\000r\000\363\000w\000\040\000u\000s\001\102\000u\000g\000i\000\040\000d\000r\000u\000k\000o\000w\000a\000n\000i\000a\000\040\000s\000i\000e\000c\000i\000o\000w\000e\000g\000o\000\040\000O\000p\000e\000n\000T\000e\000x\000t\000\040\000i\000P\000r\000i\000n\000t\000\040\000i\000\040\000w\001\102\000a\000s\000n\000o\001\133\000c\000i\000\040\000d\000r\000u\000k\000a\000r\000e\000k}{}% 29
\BOOKMARK [1][-]{section.14}{\376\377\000P\000o\000m\000i\000a\000r\000\040\000c\000z\000a\000s\000u\000\040\000l\000o\000g\000o\000w\000a\000n\000i\000a\000\040\000w\000\040\000z\000a\000l\000e\001\174\000n\000o\001\133\000c\000i\000\040\000o\000d\000\040\000u\001\174\000y\000t\000e\000g\000o\000\040\000a\000d\000r\000e\000s\000u}{}% 30
\BOOKMARK [2][-]{subsection.14.1}{\376\377\000N\000a\000z\000w\000y\000\040\000D\000N\000S}{section.14}% 31
\BOOKMARK [2][-]{subsection.14.2}{\376\377\000A\000d\000r\000e\000s\000y\000\040\000I\000P}{section.14}% 32
\BOOKMARK [2][-]{subsection.14.3}{\376\377\000N\000a\000z\000w\000y\000\040\000s\000y\000m\000b\000o\000l\000i\000c\000z\000n\000e}{section.14}% 33
\BOOKMARK [2][-]{subsection.14.4}{\376\377\000B\001\102\001\031\000d\000n\000e\000\040\000n\000a\000z\000w\000y}{section.14}% 34
\BOOKMARK [1][-]{section.15}{\376\377\000W\001\102\000a\000s\000n\000e\000\040\000w\000r\000a\001\174\000e\000n\000i\000a\000\040\000z\000\040\000u\001\174\000y\000t\000k\000o\000w\000a\000n\000i\000a\000\040\000u\000s\001\102\000u\000g\000\040\000k\000a\000t\000a\000l\000o\000g\000o\000w\000y\000c\000h\000\040\000e\000D\000i\000r\000e\000c\000t\000o\000r\000y}{}% 35
