This is LuaHBTeX, Version 1.22.0 (TeX Live 2026/dev/Arch Linux)  (format=lualatex 2025.11.8)  11 NOV 2025 16:18
 restricted system commands enabled.
**SP2INF_Aleksander_Jóźwik_3_337338.tex
(./SP2INF_Aleksander_Jóźwik_3_337338.tex
LaTeX2e <2024-11-01> patch level 2
L3 programming layer <2025-01-18>
Lua module: luaotfload 2024-12-03 v3.29 Lua based OpenType font support
Lua module: lualibs 2023-07-13 v2.76 ConTeXt Lua standard libraries.
Lua module: lualibs-extended 2023-07-13 v2.76 ConTeXt Lua libraries -- extended 
collection.
luaotfload | conf : Root cache directory is "/home/aleksander/.texlive/texmf-var
/luatex-cache/generic/names".
luaotfload | init : Loading fontloader "fontloader-2023-12-28.lua" from kpse-res
olved path "/usr/share/texmf-dist/tex/luatex/luaotfload/fontloader-2023-12-28.lu
a".
Lua-only attribute luaotfload@noligature = 1
luaotfload | init : Context OpenType loader version 3.134
Inserting `luaotfload.node_processor' in `pre_linebreak_filter'.
Inserting `luaotfload.node_processor' in `hpack_filter'.
Inserting `luaotfload.glyph_stream' in `glyph_stream_provider'.
Inserting `luaotfload.define_font' in `define_font'.
Lua-only attribute luaotfload_color_attribute = 2
luaotfload | conf : Root cache directory is "/home/aleksander/.texlive/texmf-var
/luatex-cache/generic/names".
Inserting `luaotfload.harf.strip_prefix' in `find_opentype_file'.
Inserting `luaotfload.harf.strip_prefix' in `find_truetype_file'.
Removing  `luaotfload.glyph_stream' from `glyph_stream_provider'.
Inserting `luaotfload.harf.glyphstream' in `glyph_stream_provider'.
Inserting `luaotfload.harf.finalize_vlist' in `post_linebreak_filter'.
Inserting `luaotfload.harf.finalize_hlist' in `hpack_filter'.
Inserting `luaotfload.cleanup_files' in `wrapup_run'.
Inserting `luaotfload.harf.finalize_unicode' in `finish_pdffile'.
Inserting `luaotfload.glyphinfo' in `glyph_info'.
Lua-only attribute luaotfload.letterspace_done = 3
Inserting `luaotfload.aux.set_sscale_dimens' in `luaotfload.patch_font'.
Inserting `luaotfload.aux.set_font_index' in `luaotfload.patch_font'.
Inserting `luaotfload.aux.patch_cambria_domh' in `luaotfload.patch_font'.
Inserting `luaotfload.aux.fixup_fontdata' in `luaotfload.patch_font_unsafe'.
Inserting `luaotfload.aux.set_capheight' in `luaotfload.patch_font'.
Inserting `luaotfload.aux.set_xheight' in `luaotfload.patch_font'.
Inserting `luaotfload.rewrite_fontname' in `luaotfload.patch_font'.
Inserting `tracingstacklevels' in `input_level_string'. (/usr/share/texmf-dist/
tex/latex/base/article.cls
Document Class: article 2024/06/29 v1.4n Standard LaTeX document class
(/usr/share/texmf-dist/tex/latex/base/size10.clo
File: size10.clo 2024/06/29 v1.4n Standard LaTeX file (size option)
luaotfload | db : Font names database loaded from /home/aleksander/.texlive/texm
f-var/luatex-cache/generic/names/luaotfload-names.luc.gz)
\c@part=\count194
\c@section=\count195
\c@subsection=\count196
\c@subsubsection=\count197
\c@paragraph=\count198
\c@subparagraph=\count199
\c@figure=\count266
\c@table=\count267
\abovecaptionskip=\skip49
\belowcaptionskip=\skip50
\bibindent=\dimen140
) (./preamble.tex
(/usr/share/texmf-dist/tex/latex/polyglossia/polyglossia.sty
Package: polyglossia 2025/01/31 v2.4 Modern multilingual typesetting with XeLaT
eX and LuaLaTeX

(/usr/share/texmf-dist/tex/latex/etoolbox/etoolbox.sty
Package: etoolbox 2025/02/11 v2.5l e-TeX tools for LaTeX (JAW)
\etb@tempcnta=\count268
)
(/usr/share/texmf-dist/tex/latex/fontspec/fontspec.sty
(/usr/share/texmf-dist/tex/latex/l3packages/xparse/xparse.sty
(/usr/share/texmf-dist/tex/latex/l3kernel/expl3.sty
Package: expl3 2025-01-18 L3 programming layer (loader) 

(/usr/share/texmf-dist/tex/latex/l3backend/l3backend-luatex.def
File: l3backend-luatex.def 2024-05-08 L3 backend support: PDF output (LuaTeX)
\l__color_backend_stack_int=\count269
Inserting `l3color' in `luaotfload.parse_color'.
\l__pdf_internal_box=\box52
))
Package: xparse 2024-08-16 L3 Experimental document command parser
)
Package: fontspec 2024/05/11 v2.9e Font selection for XeLaTeX and LuaLaTeX
Lua module: fontspec 2024/05/11 v2.9e Font selection for XeLaTeX and LuaLaTeX
(/usr/share/texmf-dist/tex/latex/fontspec/fontspec-luatex.sty
Package: fontspec-luatex 2024/05/11 v2.9e Font selection for XeLaTeX and LuaLaT
eX
\l__fontspec_script_int=\count270
\l__fontspec_language_int=\count271
\l__fontspec_strnum_int=\count272
\l__fontspec_tmp_int=\count273
\l__fontspec_tmpa_int=\count274
\l__fontspec_tmpb_int=\count275
\l__fontspec_tmpc_int=\count276
\l__fontspec_em_int=\count277
\l__fontspec_emdef_int=\count278
\l__fontspec_strong_int=\count279
\l__fontspec_strongdef_int=\count280
\l__fontspec_tmpa_dim=\dimen141
\l__fontspec_tmpb_dim=\dimen142
\l__fontspec_tmpc_dim=\dimen143

(/usr/share/texmf-dist/tex/latex/base/fontenc.sty
Package: fontenc 2021/04/29 v2.0v Standard LaTeX package
)
(/usr/share/texmf-dist/tex/latex/fontspec/fontspec.cfg)))
(/usr/share/texmf-dist/tex/generic/iftex/iftex.sty
Package: iftex 2024/12/12 v1.0g TeX engine tests
)
Lua module: polyglossia 2013/05/11 v1.3 Polyglossia
\l_xpg_alias_keyvals_int=\count281

(/usr/share/texmf-dist/tex/latex/polyglossia/gloss-latex.ldf
File: gloss-latex.ldf polyglossia: module for default language
)

Package polyglossia Info: Setting LuaTeX font renderer to Harfbuzz

)
(/usr/share/texmf-dist/tex/latex/polyglossia/gloss-polish.ldf
File: gloss-polish.ldf polyglossia: module for Polish
Module polyglossia Info: Language data for polish
(polyglossia)            hyphenation	hyph-pl.hyp.txt
(polyglossia)            lefthyphenmin	2
(polyglossia)            loader	loadhyph-pl.tex
(polyglossia)            patterns	hyph-pl.pat.txt
(polyglossia)            righthyphenmin	2
(polyglossia)            synonyms	 on input line 13
Module polyglossia Info: Language polish was not yet loaded; created with id 2 o
n input line 13

(/usr/share/texmf-dist/tex/luatex/luavlna/luavlna.sty
Package: luavlna 2024-05-02 luavlna

(/usr/share/texmf-dist/tex/latex/kvoptions/kvoptions.sty
Package: kvoptions 2022-06-15 v3.15 Key value format for package options (HO)

(/usr/share/texmf-dist/tex/latex/graphics/keyval.sty
Package: keyval 2022/05/29 v1.15 key=value parser (DPC)
\KV@toks@=\toks17
)
(/usr/share/texmf-dist/tex/generic/ltxcmds/ltxcmds.sty
Package: ltxcmds 2023-12-04 v1.26 LaTeX kernel commands for general use (HO)
)
(/usr/share/texmf-dist/tex/latex/kvsetkeys/kvsetkeys.sty
Package: kvsetkeys 2022-10-05 v1.19 Key value parser (HO)
))
(/usr/share/texmf-dist/tex/luatex/luavlna/luavlna.tex
Inserting `LuaVlna' in `pre_linebreak_filter'.
Inserting `allow hyphen breaks' in `hyphenate'.))
(/usr/share/texmf-dist/tex/latex/polyglossia/babelsh.def
File: babelsh.def 2022/06/21 Babel common definitions for shorthands
 Taken verbatim from babel files (2022/06/06 v3.76)
)
Package babel Info: Making " an active character on input line 41.
)

Package polyglossia Info: Default language is polish

luaotfload | cache : Lookup cache loaded from /home/aleksander/.texlive/texmf-va
r/luatex-cache/generic/names/luaotfload-lookup-cache.luc.

Package fontspec Info: 
(fontspec)             Font family 'ArimoNerdFont(0)' created for font 'Arimo
(fontspec)             Nerd Font' with options [Renderer=Harfbuzz].
(fontspec)              
(fontspec)              This font family consists of the following NFSS
(fontspec)             series/shapes:
(fontspec)              
(fontspec)             - 'normal' (m/n) with NFSS spec.: <->"name:Arimo Nerd
(fontspec)             Font:mode=harf;script=latn;language=dflt;"
(fontspec)             - 'bold' (b/n) with NFSS spec.: <->"name:Arimo Nerd
(fontspec)             Font/B:mode=harf;script=latn;language=dflt;"
(fontspec)             - 'italic' (m/it) with NFSS spec.: <->"name:Arimo Nerd
(fontspec)             Font/I:mode=harf;script=latn;language=dflt;"
(fontspec)             - 'bold italic' (b/it) with NFSS spec.: <->"name:Arimo
(fontspec)             Nerd Font/BI:mode=harf;script=latn;language=dflt;"


Package fontspec Info: 
(fontspec)             Font family 'ArimoNerdFont(1)' created for font 'Arimo
(fontspec)             Nerd Font' with options
(fontspec)             [Renderer=Harfbuzz,Ligatures=TeX].
(fontspec)              
(fontspec)              This font family consists of the following NFSS
(fontspec)             series/shapes:
(fontspec)              
(fontspec)             - 'normal' (m/n) with NFSS spec.: <->"name:Arimo Nerd
(fontspec)             Font:mode=harf;script=latn;language=dflt;+tlig;"
(fontspec)             - 'bold' (b/n) with NFSS spec.: <->"name:Arimo Nerd
(fontspec)             Font/B:mode=harf;script=latn;language=dflt;+tlig;"
(fontspec)             - 'italic' (m/it) with NFSS spec.: <->"name:Arimo Nerd
(fontspec)             Font/I:mode=harf;script=latn;language=dflt;+tlig;"
(fontspec)             - 'bold italic' (b/it) with NFSS spec.: <->"name:Arimo
(fontspec)             Nerd
(fontspec)             Font/BI:mode=harf;script=latn;language=dflt;+tlig;"


Package fontspec Info: 
(fontspec)             Font family 'IosevkaNerdFont(0)' created for font
(fontspec)             'Iosevka Nerd Font' with options
(fontspec)             [Renderer=Harfbuzz,WordSpace={1,0,0},HyphenChar=None,Pun
ctuationSpace=WordSpace].
(fontspec)              
(fontspec)              This font family consists of the following NFSS
(fontspec)             series/shapes:
(fontspec)              
(fontspec)             - 'normal' (m/n) with NFSS spec.: <->"name:Iosevka Nerd
(fontspec)             Font:mode=harf;script=latn;language=dflt;"
(fontspec)             - 'bold' (b/n) with NFSS spec.: <->"name:Iosevka Nerd
(fontspec)             Font/B:mode=harf;script=latn;language=dflt;"
(fontspec)             - 'italic' (m/it) with NFSS spec.: <->"name:Iosevka
(fontspec)             Nerd Font/I:mode=harf;script=latn;language=dflt;"
(fontspec)             - 'bold italic' (b/it) with NFSS spec.:
(fontspec)             <->"name:Iosevka Nerd
(fontspec)             Font/BI:mode=harf;script=latn;language=dflt;"


(/usr/share/texmf-dist/tex/latex/xcolor/xcolor.sty
Package: xcolor 2024/09/29 v3.02 LaTeX color extensions (UK)

(/usr/share/texmf-dist/tex/latex/graphics-cfg/color.cfg
File: color.cfg 2016/01/02 v1.6 sample color configuration
)
Package xcolor Info: Driver file: luatex.def on input line 274.

(/usr/share/texmf-dist/tex/latex/graphics-def/luatex.def
File: luatex.def 2024/04/13 v1.2e Graphics/color driver for luatex
)
(/usr/share/texmf-dist/tex/latex/graphics/mathcolor.ltx)
Package xcolor Info: Model `cmy' substituted by `cmy0' on input line 1349.
Package xcolor Info: Model `hsb' substituted by `rgb' on input line 1353.
Package xcolor Info: Model `RGB' extended on input line 1365.
Package xcolor Info: Model `HTML' substituted by `rgb' on input line 1367.
Package xcolor Info: Model `Hsb' substituted by `hsb' on input line 1368.
Package xcolor Info: Model `tHsb' substituted by `hsb' on input line 1369.
Package xcolor Info: Model `HSB' substituted by `hsb' on input line 1370.
Package xcolor Info: Model `Gray' substituted by `gray' on input line 1371.
Package xcolor Info: Model `wave' substituted by `hsb' on input line 1372.
)
(/usr/share/texmf-dist/tex/latex/geometry/geometry.sty
Package: geometry 2020/01/02 v5.9 Page Geometry

(/usr/share/texmf-dist/tex/generic/iftex/ifvtex.sty
Package: ifvtex 2019/10/25 v1.7 ifvtex legacy package. Use iftex instead.
)
\Gm@cnth=\count282
\Gm@cntv=\count283
\c@Gm@tempcnt=\count284
\Gm@bindingoffset=\dimen144
\Gm@wd@mp=\dimen145
\Gm@odd@mp=\dimen146
\Gm@even@mp=\dimen147
\Gm@layoutwidth=\dimen148
\Gm@layoutheight=\dimen149
\Gm@layouthoffset=\dimen150
\Gm@layoutvoffset=\dimen151
\Gm@dimlist=\toks18
)
(/usr/share/texmf-dist/tex/latex/titlesec/titlesec.sty
Package: titlesec 2025/01/04 v2.17 Sectioning titles
\ttl@box=\box53
\beforetitleunit=\skip51
\aftertitleunit=\skip52
\ttl@plus=\dimen152
\ttl@minus=\dimen153
\ttl@toksa=\toks19
\titlewidth=\dimen154
\titlewidthlast=\dimen155
\titlewidthfirst=\dimen156
)
(/usr/share/texmf-dist/tex/latex/graphics/graphicx.sty
Package: graphicx 2021/09/16 v1.2d Enhanced LaTeX Graphics (DPC,SPQR)

(/usr/share/texmf-dist/tex/latex/graphics/graphics.sty
Package: graphics 2024/08/06 v1.4g Standard LaTeX Graphics (DPC,SPQR)

(/usr/share/texmf-dist/tex/latex/graphics/trig.sty
Package: trig 2023/12/02 v1.11 sin cos tan (DPC)
)
(/usr/share/texmf-dist/tex/latex/graphics-cfg/graphics.cfg
File: graphics.cfg 2016/06/04 v1.11 sample graphics configuration
)
Package graphics Info: Driver file: luatex.def on input line 106.
)
\Gin@req@height=\dimen157
\Gin@req@width=\dimen158
)
(/usr/share/texmf-dist/tex/latex/float/float.sty
Package: float 2001/11/08 v1.3d Float enhancements (AL)
\c@float@type=\count285
\float@exts=\toks20
\float@box=\box54
\@float@everytoks=\toks21
\@floatcapt=\box55
)
(/usr/share/texmf-dist/tex/latex/tcolorbox/tcolorbox.sty
Package: tcolorbox 2024/10/22 version 6.4.1 text color boxes

(/usr/share/texmf-dist/tex/latex/pgf/frontendlayer/tikz.sty
(/usr/share/texmf-dist/tex/latex/pgf/basiclayer/pgf.sty
(/usr/share/texmf-dist/tex/latex/pgf/utilities/pgfrcs.sty
(/usr/share/texmf-dist/tex/generic/pgf/utilities/pgfutil-common.tex
\pgfutil@everybye=\toks22
\pgfutil@tempdima=\dimen159
\pgfutil@tempdimb=\dimen160
)
(/usr/share/texmf-dist/tex/generic/pgf/utilities/pgfutil-latex.def
\pgfutil@abb=\box56
)
(/usr/share/texmf-dist/tex/generic/pgf/utilities/pgfrcs.code.tex
(/usr/share/texmf-dist/tex/generic/pgf/pgf.revision.tex)
Package: pgfrcs 2023-01-15 v3.1.10 (3.1.10)
))
Package: pgf 2023-01-15 v3.1.10 (3.1.10)

(/usr/share/texmf-dist/tex/latex/pgf/basiclayer/pgfcore.sty
(/usr/share/texmf-dist/tex/latex/pgf/systemlayer/pgfsys.sty
(/usr/share/texmf-dist/tex/generic/pgf/systemlayer/pgfsys.code.tex
Package: pgfsys 2023-01-15 v3.1.10 (3.1.10)

(/usr/share/texmf-dist/tex/generic/pgf/utilities/pgfkeys.code.tex
\pgfkeys@pathtoks=\toks23
\pgfkeys@temptoks=\toks24

(/usr/share/texmf-dist/tex/generic/pgf/utilities/pgfkeyslibraryfiltered.code.te
x
\pgfkeys@tmptoks=\toks25
))
\pgf@x=\dimen161
\pgf@y=\dimen162
\pgf@xa=\dimen163
\pgf@ya=\dimen164
\pgf@xb=\dimen165
\pgf@yb=\dimen166
\pgf@xc=\dimen167
\pgf@yc=\dimen168
\pgf@xd=\dimen169
\pgf@yd=\dimen170
\w@pgf@writea=\write3
\r@pgf@reada=\read2
\c@pgf@counta=\count286
\c@pgf@countb=\count287
\c@pgf@countc=\count288
\c@pgf@countd=\count289
\t@pgf@toka=\toks26
\t@pgf@tokb=\toks27
\t@pgf@tokc=\toks28
\pgf@sys@id@count=\count290
 (/usr/share/texmf-dist/tex/generic/pgf/systemlayer/pgf.cfg
File: pgf.cfg 2023-01-15 v3.1.10 (3.1.10)
)
Driver file for pgf: pgfsys-luatex.def

(/usr/share/texmf-dist/tex/generic/pgf/systemlayer/pgfsys-luatex.def
File: pgfsys-luatex.def 2023-01-15 v3.1.10 (3.1.10)

(/usr/share/texmf-dist/tex/generic/pgf/systemlayer/pgfsys-common-pdf.def
File: pgfsys-common-pdf.def 2023-01-15 v3.1.10 (3.1.10)
)))
(/usr/share/texmf-dist/tex/generic/pgf/systemlayer/pgfsyssoftpath.code.tex
File: pgfsyssoftpath.code.tex 2023-01-15 v3.1.10 (3.1.10)
\pgfsyssoftpath@smallbuffer@items=\count291
\pgfsyssoftpath@bigbuffer@items=\count292
)
(/usr/share/texmf-dist/tex/generic/pgf/systemlayer/pgfsysprotocol.code.tex
File: pgfsysprotocol.code.tex 2023-01-15 v3.1.10 (3.1.10)
))
(/usr/share/texmf-dist/tex/generic/pgf/basiclayer/pgfcore.code.tex
Package: pgfcore 2023-01-15 v3.1.10 (3.1.10)

(/usr/share/texmf-dist/tex/generic/pgf/math/pgfmath.code.tex
(/usr/share/texmf-dist/tex/generic/pgf/math/pgfmathutil.code.tex)
(/usr/share/texmf-dist/tex/generic/pgf/math/pgfmathparser.code.tex
\pgfmath@dimen=\dimen171
\pgfmath@count=\count293
\pgfmath@box=\box57
\pgfmath@toks=\toks29
\pgfmath@stack@operand=\toks30
\pgfmath@stack@operation=\toks31
)
(/usr/share/texmf-dist/tex/generic/pgf/math/pgfmathfunctions.code.tex)
(/usr/share/texmf-dist/tex/generic/pgf/math/pgfmathfunctions.basic.code.tex)
(/usr/share/texmf-dist/tex/generic/pgf/math/pgfmathfunctions.trigonometric.code
.tex)
(/usr/share/texmf-dist/tex/generic/pgf/math/pgfmathfunctions.random.code.tex)
(/usr/share/texmf-dist/tex/generic/pgf/math/pgfmathfunctions.comparison.code.te
x) (/usr/share/texmf-dist/tex/generic/pgf/math/pgfmathfunctions.base.code.tex)
(/usr/share/texmf-dist/tex/generic/pgf/math/pgfmathfunctions.round.code.tex)
(/usr/share/texmf-dist/tex/generic/pgf/math/pgfmathfunctions.misc.code.tex)
(/usr/share/texmf-dist/tex/generic/pgf/math/pgfmathfunctions.integerarithmetics
.code.tex) (/usr/share/texmf-dist/tex/generic/pgf/math/pgfmathcalc.code.tex)
(/usr/share/texmf-dist/tex/generic/pgf/math/pgfmathfloat.code.tex
\c@pgfmathroundto@lastzeros=\count294
))
(/usr/share/texmf-dist/tex/generic/pgf/math/pgfint.code.tex)
(/usr/share/texmf-dist/tex/generic/pgf/basiclayer/pgfcorepoints.code.tex
File: pgfcorepoints.code.tex 2023-01-15 v3.1.10 (3.1.10)
\pgf@picminx=\dimen172
\pgf@picmaxx=\dimen173
\pgf@picminy=\dimen174
\pgf@picmaxy=\dimen175
\pgf@pathminx=\dimen176
\pgf@pathmaxx=\dimen177
\pgf@pathminy=\dimen178
\pgf@pathmaxy=\dimen179
\pgf@xx=\dimen180
\pgf@xy=\dimen181
\pgf@yx=\dimen182
\pgf@yy=\dimen183
\pgf@zx=\dimen184
\pgf@zy=\dimen185
)
(/usr/share/texmf-dist/tex/generic/pgf/basiclayer/pgfcorepathconstruct.code.tex
File: pgfcorepathconstruct.code.tex 2023-01-15 v3.1.10 (3.1.10)
\pgf@path@lastx=\dimen186
\pgf@path@lasty=\dimen187
) (/usr/share/texmf-dist/tex/generic/pgf/basiclayer/pgfcorepathusage.code.tex
File: pgfcorepathusage.code.tex 2023-01-15 v3.1.10 (3.1.10)
\pgf@shorten@end@additional=\dimen188
\pgf@shorten@start@additional=\dimen189
)
(/usr/share/texmf-dist/tex/generic/pgf/basiclayer/pgfcorescopes.code.tex
File: pgfcorescopes.code.tex 2023-01-15 v3.1.10 (3.1.10)
\pgfpic=\box58
\pgf@hbox=\box59
\pgf@layerbox@main=\box60
\pgf@picture@serial@count=\count295
)
(/usr/share/texmf-dist/tex/generic/pgf/basiclayer/pgfcoregraphicstate.code.tex
File: pgfcoregraphicstate.code.tex 2023-01-15 v3.1.10 (3.1.10)
\pgflinewidth=\dimen190
)
(/usr/share/texmf-dist/tex/generic/pgf/basiclayer/pgfcoretransformations.code.t
ex
File: pgfcoretransformations.code.tex 2023-01-15 v3.1.10 (3.1.10)
\pgf@pt@x=\dimen191
\pgf@pt@y=\dimen192
\pgf@pt@temp=\dimen193
) (/usr/share/texmf-dist/tex/generic/pgf/basiclayer/pgfcorequick.code.tex
File: pgfcorequick.code.tex 2023-01-15 v3.1.10 (3.1.10)
)
(/usr/share/texmf-dist/tex/generic/pgf/basiclayer/pgfcoreobjects.code.tex
File: pgfcoreobjects.code.tex 2023-01-15 v3.1.10 (3.1.10)
)
(/usr/share/texmf-dist/tex/generic/pgf/basiclayer/pgfcorepathprocessing.code.te
x
File: pgfcorepathprocessing.code.tex 2023-01-15 v3.1.10 (3.1.10)
) (/usr/share/texmf-dist/tex/generic/pgf/basiclayer/pgfcorearrows.code.tex
File: pgfcorearrows.code.tex 2023-01-15 v3.1.10 (3.1.10)
\pgfarrowsep=\dimen194
)
(/usr/share/texmf-dist/tex/generic/pgf/basiclayer/pgfcoreshade.code.tex
File: pgfcoreshade.code.tex 2023-01-15 v3.1.10 (3.1.10)
\pgf@max=\dimen195
\pgf@sys@shading@range@num=\count296
\pgf@shadingcount=\count297
)
(/usr/share/texmf-dist/tex/generic/pgf/basiclayer/pgfcoreimage.code.tex
File: pgfcoreimage.code.tex 2023-01-15 v3.1.10 (3.1.10)
)
(/usr/share/texmf-dist/tex/generic/pgf/basiclayer/pgfcoreexternal.code.tex
File: pgfcoreexternal.code.tex 2023-01-15 v3.1.10 (3.1.10)
\pgfexternal@startupbox=\box61
)
(/usr/share/texmf-dist/tex/generic/pgf/basiclayer/pgfcorelayers.code.tex
File: pgfcorelayers.code.tex 2023-01-15 v3.1.10 (3.1.10)
)
(/usr/share/texmf-dist/tex/generic/pgf/basiclayer/pgfcoretransparency.code.tex
File: pgfcoretransparency.code.tex 2023-01-15 v3.1.10 (3.1.10)
) (/usr/share/texmf-dist/tex/generic/pgf/basiclayer/pgfcorepatterns.code.tex
File: pgfcorepatterns.code.tex 2023-01-15 v3.1.10 (3.1.10)
)
(/usr/share/texmf-dist/tex/generic/pgf/basiclayer/pgfcorerdf.code.tex
File: pgfcorerdf.code.tex 2023-01-15 v3.1.10 (3.1.10)
)))
(/usr/share/texmf-dist/tex/generic/pgf/modules/pgfmoduleshapes.code.tex
File: pgfmoduleshapes.code.tex 2023-01-15 v3.1.10 (3.1.10)
\pgfnodeparttextbox=\box62
)
(/usr/share/texmf-dist/tex/generic/pgf/modules/pgfmoduleplot.code.tex
File: pgfmoduleplot.code.tex 2023-01-15 v3.1.10 (3.1.10)
)
(/usr/share/texmf-dist/tex/latex/pgf/compatibility/pgfcomp-version-0-65.sty
Package: pgfcomp-version-0-65 2023-01-15 v3.1.10 (3.1.10)
\pgf@nodesepstart=\dimen196
\pgf@nodesepend=\dimen197
)
(/usr/share/texmf-dist/tex/latex/pgf/compatibility/pgfcomp-version-1-18.sty
Package: pgfcomp-version-1-18 2023-01-15 v3.1.10 (3.1.10)
))
(/usr/share/texmf-dist/tex/latex/pgf/utilities/pgffor.sty
(/usr/share/texmf-dist/tex/latex/pgf/utilities/pgfkeys.sty
(/usr/share/texmf-dist/tex/generic/pgf/utilities/pgfkeys.code.tex))
(/usr/share/texmf-dist/tex/latex/pgf/math/pgfmath.sty
(/usr/share/texmf-dist/tex/generic/pgf/math/pgfmath.code.tex))
(/usr/share/texmf-dist/tex/generic/pgf/utilities/pgffor.code.tex
Package: pgffor 2023-01-15 v3.1.10 (3.1.10)
\pgffor@iter=\dimen198
\pgffor@skip=\dimen199
\pgffor@stack=\toks32
\pgffor@toks=\toks33
))
(/usr/share/texmf-dist/tex/generic/pgf/frontendlayer/tikz/tikz.code.tex
Package: tikz 2023-01-15 v3.1.10 (3.1.10)

(/usr/share/texmf-dist/tex/generic/pgf/libraries/pgflibraryplothandlers.code.te
x
File: pgflibraryplothandlers.code.tex 2023-01-15 v3.1.10 (3.1.10)
\pgf@plot@mark@count=\count298
\pgfplotmarksize=\dimen256
)
\tikz@lastx=\dimen257
\tikz@lasty=\dimen258
\tikz@lastxsaved=\dimen259
\tikz@lastysaved=\dimen260
\tikz@lastmovetox=\dimen261
\tikz@lastmovetoy=\dimen262
\tikzleveldistance=\dimen263
\tikzsiblingdistance=\dimen264
\tikz@figbox=\box63
\tikz@figbox@bg=\box64
\tikz@tempbox=\box65
\tikz@tempbox@bg=\box66
\tikztreelevel=\count299
\tikznumberofchildren=\count300
\tikznumberofcurrentchild=\count301
\tikz@fig@count=\count302
 (/usr/share/texmf-dist/tex/generic/pgf/modules/pgfmodulematrix.code.tex
File: pgfmodulematrix.code.tex 2023-01-15 v3.1.10 (3.1.10)
\pgfmatrixcurrentrow=\count303
\pgfmatrixcurrentcolumn=\count304
\pgf@matrix@numberofcolumns=\count305
)
\tikz@expandcount=\count306

(/usr/share/texmf-dist/tex/generic/pgf/frontendlayer/tikz/libraries/tikzlibrary
topaths.code.tex
File: tikzlibrarytopaths.code.tex 2023-01-15 v3.1.10 (3.1.10)
))) (/usr/share/texmf-dist/tex/latex/tools/verbatim.sty
Package: verbatim 2024-01-22 v1.5x LaTeX2e package for verbatim enhancements
\every@verbatim=\toks34
\verbatim@line=\toks35
\verbatim@in@stream=\read3
)
(/usr/share/texmf-dist/tex/latex/environ/environ.sty
Package: environ 2014/05/04 v0.3 A new way to define environments

(/usr/share/texmf-dist/tex/latex/trimspaces/trimspaces.sty
Package: trimspaces 2009/09/17 v1.1 Trim spaces around a token list
)
\@envbody=\toks36
)
\tcb@titlebox=\box67
\tcb@upperbox=\box68
\tcb@lowerbox=\box69
\tcb@phantombox=\box70
\c@tcbbreakpart=\count307
\c@tcblayer=\count308
\c@tcolorbox@number=\count309
\l__tcobox_tmpa_box=\box71
\l__tcobox_tmpa_dim=\dimen265
\tcb@temp=\box72
\tcb@temp=\box73
\tcb@temp=\box74
\tcb@temp=\box75

(/usr/share/texmf-dist/tex/latex/tcolorbox/tcbraster.code.tex
Library (tcolorbox): 'tcbraster.code.tex' version '6.4.1'
\c@tcbrastercolumn=\count310
\c@tcbrasterrow=\count311
\c@tcbrasternum=\count312
\c@tcbraster=\count313
) (/usr/share/texmf-dist/tex/latex/tcolorbox/tcbskins.code.tex
Library (tcolorbox): 'tcbskins.code.tex' version '6.4.1'
(/usr/share/texmf-dist/tex/latex/tikzfill/tikzfill.image.sty
Package: tikzfill.image 2023/08/08 v1.0.1 Image filling library for TikZ

(/usr/share/texmf-dist/tex/latex/tikzfill/tikzfill-common.sty
Package: tikzfill-common 2023/08/08 v1.0.1 Auxiliary code for tikzfill
)
(/usr/share/texmf-dist/tex/latex/tikzfill/tikzlibraryfill.image.code.tex
File: tikzlibraryfill.image.code.tex 2023/08/08 v1.0.1 Image filling library
\l__tikzfill_img_box=\box76
))
(/usr/share/texmf-dist/tex/latex/tcolorbox/tcbskinsjigsaw.code.tex
Library (tcolorbox): 'tcbskinsjigsaw.code.tex' version '6.4.1'
)) (/usr/share/texmf-dist/tex/latex/tcolorbox/tcbbreakable.code.tex
Library (tcolorbox): 'tcbbreakable.code.tex' version '6.4.1'
(/usr/share/texmf-dist/tex/latex/pdfcol/pdfcol.sty
Package: pdfcol 2022-09-21 v1.7 Handle new color stacks for pdfTeX (HO)

(/usr/share/texmf-dist/tex/generic/infwarerr/infwarerr.sty
Package: infwarerr 2019/12/03 v1.5 Providing info/warning/error messages (HO)
))
Package pdfcol Info: New color stack `tcb@breakable' = 1 on input line 23.
\tcb@testbox=\box77
\tcb@totalupperbox=\box78
\tcb@totallowerbox=\box79

(/usr/share/texmf-dist/tex/generic/iftex/ifluatex.sty
Package: ifluatex 2019/10/25 v1.5 ifluatex legacy package. Use iftex instead.
))
(/usr/share/texmf-dist/tex/latex/tcolorbox/tcbhooks.code.tex
Library (tcolorbox): 'tcbhooks.code.tex' version '6.4.1'
) (/usr/share/texmf-dist/tex/latex/tcolorbox/tcbtheorems.code.tex
Library (tcolorbox): 'tcbtheorems.code.tex' version '6.4.1'
(/usr/share/texmf-dist/tex/latex/amsmath/amsmath.sty
Package: amsmath 2024/11/05 v2.17t AMS math features
\@mathmargin=\skip53

For additional information on amsmath, use the `?' option.
(/usr/share/texmf-dist/tex/latex/amsmath/amstext.sty
Package: amstext 2021/08/26 v2.01 AMS text

(/usr/share/texmf-dist/tex/latex/amsmath/amsgen.sty
File: amsgen.sty 1999/11/30 v2.0 generic functions
\@emptytoks=\toks37
\ex@=\dimen266
))
(/usr/share/texmf-dist/tex/latex/amsmath/amsbsy.sty
Package: amsbsy 1999/11/29 v1.2d Bold Symbols
\pmbraise@=\dimen267
)
(/usr/share/texmf-dist/tex/latex/amsmath/amsopn.sty
Package: amsopn 2022/04/08 v2.04 operator names
)
\inf@bad=\count314
LaTeX Info: Redefining \frac on input line 235.
\uproot@=\count315
\leftroot@=\count316
LaTeX Info: Redefining \overline on input line 398.
LaTeX Info: Redefining \colon on input line 409.
\classnum@=\count317
\DOTSCASE@=\count318
LaTeX Info: Redefining \ldots on input line 495.
LaTeX Info: Redefining \dots on input line 498.
LaTeX Info: Redefining \cdots on input line 619.
\Mathstrutbox@=\box80
\strutbox@=\box81
LaTeX Info: Redefining \big on input line 721.
LaTeX Info: Redefining \Big on input line 722.
LaTeX Info: Redefining \bigg on input line 723.
LaTeX Info: Redefining \Bigg on input line 724.
\big@size=\dimen268
LaTeX Font Info:    Redeclaring font encoding OML on input line 742.
LaTeX Font Info:    Redeclaring font encoding OMS on input line 743.
\macc@depth=\count319
LaTeX Info: Redefining \bmod on input line 904.
LaTeX Info: Redefining \pmod on input line 909.
LaTeX Info: Redefining \smash on input line 939.
LaTeX Info: Redefining \relbar on input line 969.
LaTeX Info: Redefining \Relbar on input line 970.
\c@MaxMatrixCols=\count320
\dotsspace@=\muskip17
\c@parentequation=\count321
\dspbrk@lvl=\count322
\tag@help=\toks38
\row@=\count323
\column@=\count324
\maxfields@=\count325
\andhelp@=\toks39
\eqnshift@=\dimen269
\alignsep@=\dimen270
\tagshift@=\dimen271
\tagwidth@=\dimen272
\totwidth@=\dimen273
\lineht@=\dimen274
\@envbody=\toks40
\multlinegap=\skip54
\multlinetaggap=\skip55
\mathdisplay@stack=\toks41
LaTeX Info: Redefining \[ on input line 2953.
LaTeX Info: Redefining \] on input line 2954.
))
(/usr/share/texmf-dist/tex/latex/tcolorbox/tcbfitting.code.tex
Library (tcolorbox): 'tcbfitting.code.tex' version '6.4.1'
\tcbfitdim=\dimen275
\tcb@lowerfitdim=\dimen276
\tcb@upperfitdim=\dimen277
\tcb@cur@hbadness=\count326
) (/usr/share/texmf-dist/tex/latex/tcolorbox/tcblistingsutf8.code.tex
Library (tcolorbox): 'tcblistingsutf8.code.tex' version '6.4.1'
(/usr/share/texmf-dist/tex/latex/tcolorbox/tcblistings.code.tex
Library (tcolorbox): 'tcblistings.code.tex' version '6.4.1'
(/usr/share/texmf-dist/tex/latex/listings/listings.sty
\lst@mode=\count327
\lst@gtempboxa=\box82
\lst@token=\toks42
\lst@length=\count328
\lst@currlwidth=\dimen278
\lst@column=\count329
\lst@pos=\count330
\lst@lostspace=\dimen279
\lst@width=\dimen280
\lst@newlines=\count331
\lst@lineno=\count332
\lst@maxwidth=\dimen281

(/usr/share/texmf-dist/tex/latex/listings/lstpatch.sty
File: lstpatch.sty 2024/09/23 1.10c (Carsten Heinz)
)
(/usr/share/texmf-dist/tex/latex/listings/lstmisc.sty
File: lstmisc.sty 2024/09/23 1.10c (Carsten Heinz)
\c@lstnumber=\count333
\lst@skipnumbers=\count334
\lst@framebox=\box83
)
(/usr/share/texmf-dist/tex/latex/listings/listings.cfg
File: listings.cfg 2024/09/23 1.10c listings configuration
))
Package: listings 2024/09/23 1.10c (Carsten Heinz)

(/usr/share/texmf-dist/tex/latex/tcolorbox/tcblistingscore.code.tex
Library (tcolorbox): 'tcblistingscore.code.tex' version '6.4.1'
(/usr/share/texmf-dist/tex/latex/tcolorbox/tcbprocessing.code.tex
Library (tcolorbox): 'tcbprocessing.code.tex' version '6.4.1'
)
\c@tcblisting=\count335
))
Package tcolorbox Info: Library `listingsutf8' is compatible with pdftex only. 
Library `listings` is loaded instead. on input line 29.
) (/usr/share/texmf-dist/tex/latex/tcolorbox/tcbexternal.code.tex
Library (tcolorbox): 'tcbexternal.code.tex' version '6.4.1'
) (/usr/share/texmf-dist/tex/latex/tcolorbox/tcbmagazine.code.tex
Library (tcolorbox): 'tcbmagazine.code.tex' version '6.4.1'
) (/usr/share/texmf-dist/tex/latex/tcolorbox/tcbvignette.code.tex
Library (tcolorbox): 'tcbvignette.code.tex' version '6.4.1'

(/usr/share/texmf-dist/tex/generic/pgf/frontendlayer/tikz/libraries/tikzlibrary
fadings.code.tex
File: tikzlibraryfadings.code.tex 2023-01-15 v3.1.10 (3.1.10)

(/usr/share/texmf-dist/tex/generic/pgf/libraries/pgflibraryfadings.code.tex
File: pgflibraryfadings.code.tex 2023-01-15 v3.1.10 (3.1.10)
)))
(/usr/share/texmf-dist/tex/latex/tcolorbox/tcbposter.code.tex
Library (tcolorbox): 'tcbposter.code.tex' version '6.4.1'
)) (/usr/share/texmf-dist/tex/latex/caption/subcaption.sty
Package: subcaption 2023/07/28 v1.6b Sub-captions (AR)

(/usr/share/texmf-dist/tex/latex/caption/caption.sty
Package: caption 2023/08/05 v3.6o Customizing captions (AR)

(/usr/share/texmf-dist/tex/latex/caption/caption3.sty
Package: caption3 2023/07/31 v2.4d caption3 kernel (AR)
\caption@tempdima=\dimen282
\captionmargin=\dimen283
\caption@leftmargin=\dimen284
\caption@rightmargin=\dimen285
\caption@width=\dimen286
\caption@indent=\dimen287
\caption@parindent=\dimen288
\caption@hangindent=\dimen289
Package caption Info: Standard document class detected.
)
\c@caption@flags=\count336
\c@continuedfloat=\count337
Package caption Info: float package is loaded.
Package caption Info: listings package is loaded.
)
Package caption Info: New subtype `subfigure' on input line 238.
\c@subfigure=\count338
Package caption Info: New subtype `subtable' on input line 238.
\c@subtable=\count339
)
(/usr/share/texmf-dist/tex/latex/tools/tabularx.sty
Package: tabularx 2023/12/11 v2.12a `tabularx' package (DPC)

(/usr/share/texmf-dist/tex/latex/tools/array.sty
Package: array 2024/10/17 v2.6g Tabular extension package (FMi)
\col@sep=\dimen290
\ar@mcellbox=\box84
\extrarowheight=\dimen291
\NC@list=\toks43
\extratabsurround=\skip56
\backup@length=\skip57
\ar@cellbox=\box85
)
\TX@col@width=\dimen292
\TX@old@table=\dimen293
\TX@old@col=\dimen294
\TX@target=\dimen295
\TX@delta=\dimen296
\TX@cols=\count340
\TX@ftn=\toks44
)
(/usr/share/texmf-dist/tex/latex/colortbl/colortbl.sty
Package: colortbl 2024/07/06 v1.0i Color table columns (DPC)
\everycr=\toks45
\minrowclearance=\skip58
\rownum=\count341
)
(/usr/share/texmf-dist/tex/latex/booktabs/booktabs.sty
Package: booktabs 2020/01/12 v1.61803398 Publication quality tables
\heavyrulewidth=\dimen297
\lightrulewidth=\dimen298
\cmidrulewidth=\dimen299
\belowrulesep=\dimen300
\belowbottomsep=\dimen301
\aboverulesep=\dimen302
\abovetopsep=\dimen303
\cmidrulesep=\dimen304
\cmidrulekern=\dimen305
\defaultaddspace=\dimen306
\@cmidla=\count342
\@cmidlb=\count343
\@aboverulesep=\dimen307
\@belowrulesep=\dimen308
\@thisruleclass=\count344
\@lastruleclass=\count345
\@thisrulewidth=\dimen309
)
(/usr/share/texmf-dist/tex/latex/biblatex/biblatex.sty
Package: biblatex 2024/03/21 v3.20 programmable bibliographies (PK/MW)

(/usr/share/texmf-dist/tex/generic/pdftexcmds/pdftexcmds.sty
Package: pdftexcmds 2020-06-27 v0.33 Utility functions of pdfTeX for LuaTeX (HO
)
Package pdftexcmds Info: \pdf@primitive is available.
Package pdftexcmds Info: \pdf@ifprimitive is available.
Package pdftexcmds Info: \pdfdraftmode found.
\pdftexcmds@toks=\toks46
)
(/usr/share/texmf-dist/tex/latex/logreq/logreq.sty
Package: logreq 2010/08/04 v1.0 xml request logger
\lrq@indent=\count346

(/usr/share/texmf-dist/tex/latex/logreq/logreq.def
File: logreq.def 2010/08/04 v1.0 logreq spec v1.0
))
(/usr/share/texmf-dist/tex/latex/base/ifthen.sty
Package: ifthen 2024/03/16 v1.1e Standard LaTeX ifthen package (DPC)
)
(/usr/share/texmf-dist/tex/latex/url/url.sty
\Urlmuskip=\muskip18
Package: url 2013/09/16  ver 3.4  Verb mode for urls, etc.
)
\c@tabx@nest=\count347
\c@listtotal=\count348
\c@listcount=\count349
\c@liststart=\count350
\c@liststop=\count351
\c@citecount=\count352
\c@citetotal=\count353
\c@multicitecount=\count354
\c@multicitetotal=\count355
\c@instcount=\count356
\c@maxnames=\count357
\c@minnames=\count358
\c@maxitems=\count359
\c@minitems=\count360
\c@citecounter=\count361
\c@maxcitecounter=\count362
\c@savedcitecounter=\count363
\c@uniquelist=\count364
\c@uniquename=\count365
\c@refsection=\count366
\c@refsegment=\count367
\c@maxextratitle=\count368
\c@maxextratitleyear=\count369
\c@maxextraname=\count370
\c@maxextradate=\count371
\c@maxextraalpha=\count372
\c@abbrvpenalty=\count373
\c@highnamepenalty=\count374
\c@lownamepenalty=\count375
\c@maxparens=\count376
\c@parenlevel=\count377
\blx@tempcnta=\count378
\blx@tempcntb=\count379
\blx@tempcntc=\count380
\c@blx@maxsection=\count381
\blx@maxsegment@0=\count382
\blx@notetype=\count383
\blx@parenlevel@text=\count384
\blx@parenlevel@foot=\count385
\blx@sectionciteorder@0=\count386
\blx@sectionciteorderinternal@0=\count387
\blx@entrysetcounter=\count388
\blx@biblioinstance=\count389
\labelnumberwidth=\skip59
\labelalphawidth=\skip60
\biblabelsep=\skip61
\bibitemsep=\skip62
\bibnamesep=\skip63
\bibinitsep=\skip64
\bibparsep=\skip65
\bibhang=\skip66
\blx@bcfin=\read4
\blx@bcfout=\write4
\blx@langwohyphens=\language3
\c@mincomprange=\count390
\c@maxcomprange=\count391
\c@mincompwidth=\count392
Package biblatex Info: Trying to load biblatex default data model...
Package biblatex Info: ... file 'blx-dm.def' found.

(/usr/share/texmf-dist/tex/latex/biblatex/blx-dm.def
File: blx-dm.def 2024/03/21 v3.20 biblatex datamodel (PK/MW)
)
Package biblatex Info: Trying to load biblatex custom data model...
Package biblatex Info: ... file 'biblatex-dm.cfg' not found.
\c@afterword=\count393
\c@savedafterword=\count394
\c@annotator=\count395
\c@savedannotator=\count396
\c@author=\count397
\c@savedauthor=\count398
\c@bookauthor=\count399
\c@savedbookauthor=\count400
\c@commentator=\count401
\c@savedcommentator=\count402
\c@editor=\count403
\c@savededitor=\count404
\c@editora=\count405
\c@savededitora=\count406
\c@editorb=\count407
\c@savededitorb=\count408
\c@editorc=\count409
\c@savededitorc=\count410
\c@foreword=\count411
\c@savedforeword=\count412
\c@holder=\count413
\c@savedholder=\count414
\c@introduction=\count415
\c@savedintroduction=\count416
\c@namea=\count417
\c@savednamea=\count418
\c@nameb=\count419
\c@savednameb=\count420
\c@namec=\count421
\c@savednamec=\count422
\c@translator=\count423
\c@savedtranslator=\count424
\c@shortauthor=\count425
\c@savedshortauthor=\count426
\c@shorteditor=\count427
\c@savedshorteditor=\count428
\c@labelname=\count429
\c@savedlabelname=\count430
\c@institution=\count431
\c@savedinstitution=\count432
\c@lista=\count433
\c@savedlista=\count434
\c@listb=\count435
\c@savedlistb=\count436
\c@listc=\count437
\c@savedlistc=\count438
\c@listd=\count439
\c@savedlistd=\count440
\c@liste=\count441
\c@savedliste=\count442
\c@listf=\count443
\c@savedlistf=\count444
\c@location=\count445
\c@savedlocation=\count446
\c@organization=\count447
\c@savedorganization=\count448
\c@origlocation=\count449
\c@savedoriglocation=\count450
\c@origpublisher=\count451
\c@savedorigpublisher=\count452
\c@publisher=\count453
\c@savedpublisher=\count454
\c@language=\count455
\c@savedlanguage=\count456
\c@origlanguage=\count457
\c@savedoriglanguage=\count458
\c@pageref=\count459
\c@savedpageref=\count460
\shorthandwidth=\skip67
\shortjournalwidth=\skip68
\shortserieswidth=\skip69
\shorttitlewidth=\skip70
\shortauthorwidth=\skip71
\shorteditorwidth=\skip72
\locallabelnumberwidth=\skip73
\locallabelalphawidth=\skip74
\localshorthandwidth=\skip75
\localshortjournalwidth=\skip76
\localshortserieswidth=\skip77
\localshorttitlewidth=\skip78
\localshortauthorwidth=\skip79
\localshorteditorwidth=\skip80
Package biblatex Info: Trying to load enhanced support for Unicode engines...
Package biblatex Info: ... file 'blx-unicode.def' found.

(/usr/share/texmf-dist/tex/latex/biblatex/blx-unicode.def)
Package biblatex Info: Trying to load compatibility code...
Package biblatex Info: ... file 'blx-compat.def' found.

(/usr/share/texmf-dist/tex/latex/biblatex/blx-compat.def
File: blx-compat.def 2024/03/21 v3.20 biblatex compatibility (PK/MW)
)
Package biblatex Info: Trying to load generic definitions...
Package biblatex Info: ... file 'biblatex.def' found.

(/usr/share/texmf-dist/tex/latex/biblatex/biblatex.def
File: biblatex.def 2024/03/21 v3.20 biblatex compatibility (PK/MW)
\c@textcitecount=\count461
\c@textcitetotal=\count462
\c@textcitemaxnames=\count463
\c@biburlbigbreakpenalty=\count464
\c@biburlbreakpenalty=\count465
\c@biburlnumpenalty=\count466
\c@biburlucpenalty=\count467
\c@biburllcpenalty=\count468
\biburlbigskip=\muskip19
\biburlnumskip=\muskip20
\biburlucskip=\muskip21
\biburllcskip=\muskip22
\c@smartand=\count469
)
Package biblatex Info: Trying to load bibliography style 'numeric'...
Package biblatex Info: ... file 'numeric.bbx' found.

(/usr/share/texmf-dist/tex/latex/biblatex/bbx/numeric.bbx
File: numeric.bbx 2024/03/21 v3.20 biblatex bibliography style (PK/MW)
Package biblatex Info: Trying to load bibliography style 'standard'...
Package biblatex Info: ... file 'standard.bbx' found.

(/usr/share/texmf-dist/tex/latex/biblatex/bbx/standard.bbx
File: standard.bbx 2024/03/21 v3.20 biblatex bibliography style (PK/MW)
\c@bbx:relatedcount=\count470
\c@bbx:relatedtotal=\count471
))
Package biblatex Info: Trying to load citation style 'numeric'...
Package biblatex Info: ... file 'numeric.cbx' found.

(/usr/share/texmf-dist/tex/latex/biblatex/cbx/numeric.cbx
File: numeric.cbx 2024/03/21 v3.20 biblatex citation style (PK/MW)
Package biblatex Info: Redefining '\cite'.
Package biblatex Info: Redefining '\parencite'.
Package biblatex Info: Redefining '\footcite'.
Package biblatex Info: Redefining '\footcitetext'.
Package biblatex Info: Redefining '\smartcite'.
Package biblatex Info: Redefining '\supercite'.
Package biblatex Info: Redefining '\textcite'.
Package biblatex Info: Redefining '\textcites'.
Package biblatex Info: Redefining '\cites'.
Package biblatex Info: Redefining '\parencites'.
Package biblatex Info: Redefining '\smartcites'.
)
Package biblatex Info: Trying to load configuration file...
Package biblatex Info: ... file 'biblatex.cfg' found.

(/usr/share/texmf-dist/tex/latex/biblatex/biblatex.cfg
File: biblatex.cfg 
)
Package biblatex Info: LuaTeX detected.
(biblatex)             Assuming input encoding 'utf8'.
Package biblatex Info: Document encoding is UTF8 ....
Package biblatex Info: ... and expl3
(biblatex)             2025-01-18 L3 programming layer (loader) 
(biblatex)             is new enough (at least 2020/04/06),
(biblatex)             setting 'casechanger=expl3'.

(/usr/share/texmf-dist/tex/latex/biblatex/blx-case-expl3.sty
Package: blx-case-expl3 2024/03/21 v3.20 expl3 case changing code for biblatex
))
(/usr/share/texmf-dist/tex/latex/hyperref/hyperref.sty
Package: hyperref 2024-11-05 v7.01l Hypertext links for LaTeX

(/usr/share/texmf-dist/tex/generic/kvdefinekeys/kvdefinekeys.sty
Package: kvdefinekeys 2019-12-19 v1.6 Define keys (HO)
)
(/usr/share/texmf-dist/tex/generic/pdfescape/pdfescape.sty
Package: pdfescape 2019/12/09 v1.15 Implements pdfTeX's escape features (HO)
)
(/usr/share/texmf-dist/tex/latex/hycolor/hycolor.sty
Package: hycolor 2020-01-27 v1.10 Color options for hyperref/bookmark (HO)
)
(/usr/share/texmf-dist/tex/latex/hyperref/nameref.sty
Package: nameref 2023-11-26 v2.56 Cross-referencing by name of section

(/usr/share/texmf-dist/tex/latex/refcount/refcount.sty
Package: refcount 2019/12/15 v3.6 Data extraction from label references (HO)
)
(/usr/share/texmf-dist/tex/generic/gettitlestring/gettitlestring.sty
Package: gettitlestring 2019/12/15 v1.6 Cleanup title references (HO)
)
\c@section@level=\count472
)
(/usr/share/texmf-dist/tex/generic/stringenc/stringenc.sty
Package: stringenc 2019/11/29 v1.12 Convert strings between diff. encodings (HO
)
)
\@linkdim=\dimen310
\Hy@linkcounter=\count473
\Hy@pagecounter=\count474

(/usr/share/texmf-dist/tex/latex/hyperref/pd1enc.def
File: pd1enc.def 2024-11-05 v7.01l Hyperref: PDFDocEncoding definition (HO)
)
(/usr/share/texmf-dist/tex/generic/intcalc/intcalc.sty
Package: intcalc 2019/12/15 v1.3 Expandable calculations with integers (HO)
)
\Hy@SavedSpaceFactor=\count475

(/usr/share/texmf-dist/tex/latex/hyperref/puenc.def
File: puenc.def 2024-11-05 v7.01l Hyperref: PDF Unicode definition (HO)
)
Package hyperref Info: Hyper figures OFF on input line 4157.
Package hyperref Info: Link nesting OFF on input line 4162.
Package hyperref Info: Hyper index ON on input line 4165.
Package hyperref Info: Plain pages OFF on input line 4172.
Package hyperref Info: Backreferencing OFF on input line 4177.
Package hyperref Info: Implicit mode ON; LaTeX internals redefined.
Package hyperref Info: Bookmarks ON on input line 4424.
\c@Hy@tempcnt=\count476
LaTeX Info: Redefining \url on input line 4763.
\XeTeXLinkMargin=\dimen311

(/usr/share/texmf-dist/tex/generic/bitset/bitset.sty
Package: bitset 2019/12/09 v1.3 Handle bit-vector datatype (HO)

(/usr/share/texmf-dist/tex/generic/bigintcalc/bigintcalc.sty
Package: bigintcalc 2019/12/15 v1.5 Expandable calculations on big integers (HO
)
))
\Fld@menulength=\count477
\Field@Width=\dimen312
\Fld@charsize=\dimen313
Package hyperref Info: Hyper figures OFF on input line 6042.
Package hyperref Info: Link nesting OFF on input line 6047.
Package hyperref Info: Hyper index ON on input line 6050.
Package hyperref Info: backreferencing OFF on input line 6057.
Package hyperref Info: Link coloring OFF on input line 6062.
Package hyperref Info: Link coloring with OCG OFF on input line 6067.
Package hyperref Info: PDF/A mode OFF on input line 6072.

(/usr/share/texmf-dist/tex/latex/base/atbegshi-ltx.sty
Package: atbegshi-ltx 2021/01/10 v1.0c Emulation of the original atbegshi
package with kernel methods
)
\Hy@abspage=\count478
\c@Item=\count479
\c@Hfootnote=\count480
)
Package hyperref Info: Driver (autodetected): hluatex.

(/usr/share/texmf-dist/tex/latex/hyperref/hluatex.def
File: hluatex.def 2024-11-05 v7.01l Hyperref driver for luaTeX

(/usr/share/texmf-dist/tex/latex/base/atveryend-ltx.sty
Package: atveryend-ltx 2020/08/19 v1.0a Emulation of the original atveryend pac
kage
with kernel methods
)
\Fld@listcount=\count481
\c@bookmark@seq@number=\count482

(/usr/share/texmf-dist/tex/latex/rerunfilecheck/rerunfilecheck.sty
Package: rerunfilecheck 2022-07-10 v1.10 Rerun checks for auxiliary files (HO)

(/usr/share/texmf-dist/tex/generic/uniquecounter/uniquecounter.sty
Package: uniquecounter 2019/12/15 v1.4 Provide unlimited unique counter (HO)
)
Package uniquecounter Info: New unique counter `rerunfilecheck' on input line 2
85.
)
\Hy@SectionHShift=\skip81
)
(/usr/share/texmf-dist/tex/latex/xurl/xurl.sty
Package: xurl 2022/01/09 v 0.10 modify URL breaks

xurl: Set penalties for biblatex
)
Package hyperref Info: Option `colorlinks' set `true' on input line 109.
)
\@quotelevel=\count483
\@quotereset=\count484
 (./SP2INF_Aleksander_Jóźwik_3_337338.aux)
\openout1 = SP2INF_Aleksander_Jóźwik_3_337338.aux

LaTeX Font Info:    Checking defaults for OML/cmm/m/it on input line 10.
LaTeX Font Info:    ... okay on input line 10.
LaTeX Font Info:    Checking defaults for OMS/cmsy/m/n on input line 10.
LaTeX Font Info:    ... okay on input line 10.
LaTeX Font Info:    Checking defaults for OT1/cmr/m/n on input line 10.
LaTeX Font Info:    ... okay on input line 10.
LaTeX Font Info:    Checking defaults for T1/cmr/m/n on input line 10.
LaTeX Font Info:    ... okay on input line 10.
LaTeX Font Info:    Checking defaults for TS1/cmr/m/n on input line 10.
LaTeX Font Info:    ... okay on input line 10.
LaTeX Font Info:    Checking defaults for TU/lmr/m/n on input line 10.
LaTeX Font Info:    ... okay on input line 10.
LaTeX Font Info:    Checking defaults for OMX/cmex/m/n on input line 10.
LaTeX Font Info:    ... okay on input line 10.
LaTeX Font Info:    Checking defaults for U/cmr/m/n on input line 10.
LaTeX Font Info:    ... okay on input line 10.
LaTeX Font Info:    Checking defaults for PD1/pdf/m/n on input line 10.
LaTeX Font Info:    ... okay on input line 10.
LaTeX Font Info:    Checking defaults for PU/pdf/m/n on input line 10.
LaTeX Font Info:    ... okay on input line 10.

Package fontspec Info: 
(fontspec)             Adjusting the maths setup (use [no-math] to avoid
(fontspec)             this).

\symlegacymaths=\mathgroup4
LaTeX Font Info:    Overwriting symbol font `legacymaths' in version `bold'
(Font)                  OT1/cmr/m/n --> OT1/cmr/bx/n on input line 10.
LaTeX Font Info:    Redeclaring math accent \acute on input line 10.
LaTeX Font Info:    Redeclaring math accent \grave on input line 10.
LaTeX Font Info:    Redeclaring math accent \ddot on input line 10.
LaTeX Font Info:    Redeclaring math accent \tilde on input line 10.
LaTeX Font Info:    Redeclaring math accent \bar on input line 10.
LaTeX Font Info:    Redeclaring math accent \breve on input line 10.
LaTeX Font Info:    Redeclaring math accent \check on input line 10.
LaTeX Font Info:    Redeclaring math accent \hat on input line 10.
LaTeX Font Info:    Redeclaring math accent \dot on input line 10.
LaTeX Font Info:    Redeclaring math accent \mathring on input line 10.
LaTeX Font Info:    Redeclaring math symbol \Gamma on input line 10.
LaTeX Font Info:    Redeclaring math symbol \Delta on input line 10.
LaTeX Font Info:    Redeclaring math symbol \Theta on input line 10.
LaTeX Font Info:    Redeclaring math symbol \Lambda on input line 10.
LaTeX Font Info:    Redeclaring math symbol \Xi on input line 10.
LaTeX Font Info:    Redeclaring math symbol \Pi on input line 10.
LaTeX Font Info:    Redeclaring math symbol \Sigma on input line 10.
LaTeX Font Info:    Redeclaring math symbol \Upsilon on input line 10.
LaTeX Font Info:    Redeclaring math symbol \Phi on input line 10.
LaTeX Font Info:    Redeclaring math symbol \Psi on input line 10.
LaTeX Font Info:    Redeclaring math symbol \Omega on input line 10.
LaTeX Font Info:    Redeclaring math symbol \mathdollar on input line 10.
LaTeX Font Info:    Redeclaring symbol font `operators' on input line 10.
LaTeX Font Info:    Encoding `OT1' has changed to `TU' for symbol font
(Font)              `operators' in the math version `normal' on input line 10.
LaTeX Font Info:    Overwriting symbol font `operators' in version `normal'
(Font)                  OT1/cmr/m/n --> TU/lmr/m/n on input line 10.
LaTeX Font Info:    Encoding `OT1' has changed to `TU' for symbol font
(Font)              `operators' in the math version `bold' on input line 10.
LaTeX Font Info:    Overwriting symbol font `operators' in version `bold'
(Font)                  OT1/cmr/bx/n --> TU/lmr/m/n on input line 10.
LaTeX Font Info:    Overwriting symbol font `operators' in version `normal'
(Font)                  TU/lmr/m/n --> TU/lmr/m/n on input line 10.
LaTeX Font Info:    Overwriting math alphabet `\mathit' in version `normal'
(Font)                  OT1/cmr/m/it --> TU/lmr/m/it on input line 10.
LaTeX Font Info:    Overwriting math alphabet `\mathbf' in version `normal'
(Font)                  OT1/cmr/bx/n --> TU/lmr/b/n on input line 10.
LaTeX Font Info:    Overwriting math alphabet `\mathsf' in version `normal'
(Font)                  OT1/cmss/m/n --> TU/ArimoNerdFont(1)/m/n on input line 
10.
LaTeX Font Info:    Overwriting math alphabet `\mathtt' in version `normal'
(Font)                  OT1/cmtt/m/n --> TU/IosevkaNerdFont(0)/m/n on input lin
e 10.
LaTeX Font Info:    Overwriting symbol font `operators' in version `bold'
(Font)                  TU/lmr/m/n --> TU/lmr/b/n on input line 10.
LaTeX Font Info:    Overwriting math alphabet `\mathit' in version `bold'
(Font)                  OT1/cmr/bx/it --> TU/lmr/b/it on input line 10.
LaTeX Font Info:    Overwriting math alphabet `\mathsf' in version `bold'
(Font)                  OT1/cmss/bx/n --> TU/ArimoNerdFont(1)/b/n on input line
 10.
LaTeX Font Info:    Overwriting math alphabet `\mathtt' in version `bold'
(Font)                  OT1/cmtt/m/n --> TU/IosevkaNerdFont(0)/b/n on input lin
e 10.

(/usr/share/texmf-dist/tex/context/base/mkii/supp-pdf.mkii
[Loading MPS to PDF converter (version 2006.09.02).]
\scratchcounter=\count485
\scratchdimen=\dimen314
\scratchbox=\box86
\nofMPsegments=\count486
\nofMParguments=\count487
\everyMPshowfont=\toks47
\MPscratchCnt=\count488
\MPscratchDim=\dimen315
\MPnumerator=\count489
\makeMPintoPDFobject=\count490
\everyMPtoPDFconversion=\toks48
) (/usr/share/texmf-dist/tex/latex/epstopdf-pkg/epstopdf-base.sty
Package: epstopdf-base 2020-01-24 v2.11 Base part for package epstopdf
Package epstopdf-base Info: Redefining graphics rule for `.eps' on input line 4
85.

(/usr/share/texmf-dist/tex/latex/latexconfig/epstopdf-sys.cfg
File: epstopdf-sys.cfg 2010/07/13 v1.3 Configuration of (r)epstopdf for TeX Liv
e
))
*geometry* driver: auto-detecting
*geometry* detected driver: luatex
*geometry* verbose mode - [ preamble ] result:
* driver: luatex
* paper: a4paper
* layout: <same size as paper>
* layoutoffset:(h,v)=(0.0pt,0.0pt)
* modes: 
* h-part:(L,W,R)=(71.13188pt, 455.24411pt, 71.13188pt)
* v-part:(T,H,B)=(71.13188pt, 702.78308pt, 71.13188pt)
* \paperwidth=597.50787pt
* \paperheight=845.04684pt
* \textwidth=455.24411pt
* \textheight=702.78308pt
* \oddsidemargin=-1.1381pt
* \evensidemargin=-1.1381pt
* \topmargin=-38.1381pt
* \headheight=12.0pt
* \headsep=25.0pt
* \topskip=10.0pt
* \footskip=30.0pt
* \marginparwidth=65.0pt
* \marginparsep=11.0pt
* \columnsep=10.0pt
* \skip\footins=9.0pt plus 4.0pt minus 2.0pt
* \hoffset=0.0pt
* \voffset=0.0pt
* \mag=1000
* \@twocolumnfalse
* \@twosidefalse
* \@mparswitchfalse
* \@reversemarginfalse
* (1in=72.27pt=25.4mm, 1cm=28.453pt)

\c@lstlisting=\count491
Package caption Info: Begin \AtBeginDocument code.
Package caption Info: hyperref package is loaded.
Package caption Info: End \AtBeginDocument code.
Package biblatex Info: Trying to load language 'polish'...
Package biblatex Info: ... file 'polish.lbx' found.
(/usr/share/texmf-dist/tex/latex/biblatex/lbx/polish.lbx
File: polish.lbx 2024/03/21 v3.20 biblatex localization (PK/MW)
)
Package biblatex Info: LuaTeX detected.
(biblatex)             Assuming input encoding 'utf8'.
Package biblatex Info: Automatic encoding selection.
(biblatex)             Assuming data encoding 'utf8'.

\openout4 = SP2INF_Aleksander_Jóźwik_3_337338.bcf
Package biblatex Info: Trying to load bibliographic data...
Package biblatex Info: ... file 'SP2INF_Aleksander_Jóźwik_3_337338.bbl' found
.

(./SP2INF_Aleksander_Jóźwik_3_337338.bbl)
Package biblatex Info: Reference section=0 on input line 10.
Package biblatex Info: Reference segment=0 on input line 10.
Package hyperref Info: Link coloring ON on input line 10.

(./SP2INF_Aleksander_Jóźwik_3_337338.out)
(./SP2INF_Aleksander_Jóźwik_3_337338.out)
\@outlinefile=\write5

\openout5 = SP2INF_Aleksander_Jóźwik_3_337338.out

set lang polish, 2
(./SP2INF_Aleksander_Jóźwik_3_337338.toc
set lang polish, 2


[1

{/var/lib/texmf/fonts/map/pdftex/updmap/pdftex.map}])
\tf@toc=\write6

\openout6 = SP2INF_Aleksander_Jóźwik_3_337338.toc


[2]
<images/1/1.1.png, id=231, 270.25969pt x 375.65344pt>
File: images/1/1.1.png Graphic file (type png)
<use images/1/1.1.png>
Package luatex.def Info: images/1/1.1.png  used on input line 26.
(luatex.def)             Requested size: 227.62204pt x 316.39507pt.


[3

<./images/1/1.1.png>]
<images/1/1.5.png, id=238, 357.58594pt x 306.39468pt>
File: images/1/1.5.png Graphic file (type png)
<use images/1/1.5.png>
Package luatex.def Info: images/1/1.5.png  used on input line 34.
(luatex.def)             Requested size: 227.62204pt x 195.03532pt.
<images/1/1.3.png, id=239, 306.39468pt x 304.13625pt>
File: images/1/1.3.png Graphic file (type png)
<use images/1/1.3.png>
Package luatex.def Info: images/1/1.3.png  used on input line 36.
(luatex.def)             Requested size: 227.62204pt x 225.94366pt.
<images/1/1.4.png, id=240, 694.84593pt x 283.81032pt>
File: images/1/1.4.png Graphic file (type png)
<use images/1/1.4.png>
Package luatex.def Info: images/1/1.4.png  used on input line 38.
(luatex.def)             Requested size: 398.33858pt x 162.7003pt.


[4

<./images/1/1.5.png><./images/1/1.3.png>]
<images/1/1.7.png, id=247, 474.77374pt x 406.51875pt>
File: images/1/1.7.png Graphic file (type png)
<use images/1/1.7.png>
Package luatex.def Info: images/1/1.7.png  used on input line 42.
(luatex.def)             Requested size: 284.52756pt x 243.63399pt.
<images/2/2.1.png, id=248, 815.29594pt x 537.50812pt>
File: images/2/2.1.png Graphic file (type png)
<use images/2/2.1.png>
Package luatex.def Info: images/2/2.1.png  used on input line 48.
(luatex.def)             Requested size: 341.43306pt x 225.09573pt.


[5<./images/1/1.4.png><./images/1/1.7.png>]
<images/2/2.2.png, id=256, 729.47531pt x 416.30531pt>
File: images/2/2.2.png Graphic file (type png)
<use images/2/2.2.png>
Package luatex.def Info: images/2/2.2.png  used on input line 52.
(luatex.def)             Requested size: 398.33858pt x 227.32973pt.
<images/2/edited/2.3.png, id=257, 282.30469pt x 378.66469pt>
File: images/2/edited/2.3.png Graphic file (type png)
<use images/2/edited/2.3.png>
Package luatex.def Info: images/2/edited/2.3.png  used on input line 56.
(luatex.def)             Requested size: 227.62204pt x 305.32422pt.


[6<./images/2/2.1.png><./images/2/2.2.png>]
Overfull \hbox (12.5252pt too wide) in paragraph at lines 60--61
\TU/ArimoNerdFont(1)/m/n/10 Me-cha-nizm ko-pio-wa-nia Ne-tWa-re jest do-stęp-ny
 przez iko-nę []\TU/ArimoNerdFont(1)/b/n/10 OES Client>Pro-gra-my na-rzę-dzio-
we OES>Ko-
 []

<images/3/3.1.png, id=265, 434.37282pt x 368.87813pt>
File: images/3/3.1.png Graphic file (type png)
<use images/3/3.1.png>
Package luatex.def Info: images/3/3.1.png  used on input line 62.
(luatex.def)             Requested size: 227.62204pt x 193.30368pt.
<images/3/3.2.png, id=266, 306.39468pt x 304.13625pt>
File: images/3/3.2.png Graphic file (type png)
<use images/3/3.2.png>
Package luatex.def Info: images/3/3.2.png  used on input line 66.
(luatex.def)             Requested size: 227.62204pt x 225.94366pt.


[7<./images/2/edited/2.3.png><./images/3/3.1.png>]
<images/3/3.3.png, id=275, 341.77687pt x 368.87813pt>
File: images/3/3.3.png Graphic file (type png)
<use images/3/3.3.png>
Package luatex.def Info: images/3/3.3.png  used on input line 70.
(luatex.def)             Requested size: 227.62204pt x 245.67798pt.
<images/3/3.4.png, id=276, 671.50874pt x 216.81pt>
File: images/3/3.4.png Graphic file (type png)
<use images/3/3.4.png>
Package luatex.def Info: images/3/3.4.png  used on input line 74.
(luatex.def)             Requested size: 341.43306pt x 110.23749pt.


[8<./images/3/3.2.png><./images/3/3.3.png>]
<images/4/4.1.png, id=283, 429.10312pt x 371.13657pt>
File: images/4/4.1.png Graphic file (type png)
<use images/4/4.1.png>
Package luatex.def Info: images/4/4.1.png  used on input line 80.
(luatex.def)             Requested size: 170.71652pt x 147.65349pt.
<images/4/4.2.png, id=284, 287.57437pt x 225.09094pt>
File: images/4/4.2.png Graphic file (type png)
<use images/4/4.2.png>
Package luatex.def Info: images/4/4.2.png  used on input line 84.
(luatex.def)             Requested size: 227.62204pt x 178.17021pt.


[9<./images/3/3.4.png><./images/4/4.1.png><./images/4/4.2.png>]
<images/4/4.6.png, id=293, 283.0575pt x 343.2825pt>
File: images/4/4.6.png Graphic file (type png)
<use images/4/4.6.png>
Package luatex.def Info: images/4/4.6.png  used on input line 88.
(luatex.def)             Requested size: 227.62204pt x 276.06158pt.
<images/4/4.5.png, id=294, 342.5297pt x 304.13625pt>
File: images/4/4.5.png Graphic file (type png)
<use images/4/4.5.png>
Package luatex.def Info: images/4/4.5.png  used on input line 92.
(luatex.def)             Requested size: 227.62204pt x 202.11348pt.
<images/4/4.7.png, id=295, 393.72093pt x 305.64188pt>
File: images/4/4.7.png Graphic file (type png)
<use images/4/4.7.png>
Package luatex.def Info: images/4/4.7.png  used on input line 96.
(luatex.def)             Requested size: 227.62204pt x 176.69876pt.


[10<./images/4/4.6.png><./images/4/4.5.png>]
<images/5/5.1.png, id=302, 474.27188pt x 365.11406pt>
File: images/5/5.1.png Graphic file (type png)
<use images/5/5.1.png>
Package luatex.def Info: images/5/5.1.png  used on input line 102.
(luatex.def)             Requested size: 284.52756pt x 219.04784pt.
<images/5/5.2.png, id=303, 296.60812pt x 271.0125pt>
File: images/5/5.2.png Graphic file (type png)
<use images/5/5.2.png>
Package luatex.def Info: images/5/5.2.png  used on input line 108.
(luatex.def)             Requested size: 199.16928pt x 181.98682pt.

Overfull \hbox (3.0pt too wide) in paragraph at lines 108--108
 [] 
 []

<images/5/5.3.png, id=304, 296.60812pt x 315.42844pt>
File: images/5/5.3.png Graphic file (type png)
<use images/5/5.3.png>
Package luatex.def Info: images/5/5.3.png  used on input line 109.
(luatex.def)             Requested size: 199.16928pt x 211.81244pt.

Overfull \hbox (3.0pt too wide) in paragraph at lines 109--109
 [] 
 []

<images/5/5.4.png, id=305, 296.60812pt x 342.5297pt>
File: images/5/5.4.png Graphic file (type png)
<use images/5/5.4.png>
Package luatex.def Info: images/5/5.4.png  used on input line 110.
(luatex.def)             Requested size: 199.16928pt x 230.01112pt.

Overfull \hbox (3.0pt too wide) in paragraph at lines 110--110
 [] 
 []

<images/5/5.5.png, id=306, 283.81032pt x 380.17032pt>
File: images/5/5.5.png Graphic file (type png)
<use images/5/5.5.png>
Package luatex.def Info: images/5/5.5.png  used on input line 111.
(luatex.def)             Requested size: 199.16928pt x 266.80191pt.

Overfull \hbox (3.0pt too wide) in paragraph at lines 111--111
 [] 
 []



[11<./images/4/4.7.png><./images/5/5.1.png>]
<images/5/5.6.png, id=315, 263.48438pt x 335.75438pt>
File: images/5/5.6.png Graphic file (type png)
<use images/5/5.6.png>
Package luatex.def Info: images/5/5.6.png  used on input line 117.
(luatex.def)             Requested size: 199.16928pt x 253.80807pt.

Overfull \hbox (3.0pt too wide) in paragraph at lines 117--117
 [] 
 []

<images/5/5.7.png, id=316, 356.0803pt x 292.09125pt>
File: images/5/5.7.png Graphic file (type png)
<use images/5/5.7.png>
Package luatex.def Info: images/5/5.7.png  used on input line 118.
(luatex.def)             Requested size: 199.16928pt x 163.37833pt.

Overfull \hbox (3.0pt too wide) in paragraph at lines 118--118
 [] 
 []

<images/5/5.8.png, id=317, 274.77657pt x 261.22594pt>
File: images/5/5.8.png Graphic file (type png)
<use images/5/5.8.png>
Package luatex.def Info: images/5/5.8.png  used on input line 119.
(luatex.def)             Requested size: 199.16928pt x 189.35403pt.

Overfull \hbox (3.0pt too wide) in paragraph at lines 119--119
 [] 
 []

<images/5/5.9.png, id=318, 292.84406pt x 109.91063pt>
File: images/5/5.9.png Graphic file (type png)
<use images/5/5.9.png>
Package luatex.def Info: images/5/5.9.png  used on input line 120.
(luatex.def)             Requested size: 199.16928pt x 74.75499pt.

Overfull \hbox (3.0pt too wide) in paragraph at lines 120--120
 [] 
 []



[12<./images/5/5.2.png><./images/5/5.3.png><./images/5/5.4.png><./images/5/5.5.p
ng>]
<images/5/5.10.png, id=324, 181.42781pt x 229.60782pt>
File: images/5/5.10.png Graphic file (type png)
<use images/5/5.10.png>
Package luatex.def Info: images/5/5.10.png  used on input line 126.
(luatex.def)             Requested size: 142.26378pt x 180.04633pt.

Overfull \hbox (3.0pt too wide) in paragraph at lines 126--126
 [] 
 []



[13<./images/5/5.6.png><./images/5/5.7.png><./images/5/5.8.png><./images/5/5.9.p
ng>]
<images/6/6.1.png, id=330, 671.50874pt x 585.68813pt>
File: images/6/6.1.png Graphic file (type png)
<use images/6/6.1.png>
Package luatex.def Info: images/6/6.1.png  used on input line 134.
(luatex.def)             Requested size: 341.43306pt x 297.79436pt.


[14<./images/5/5.10.png><./images/6/6.1.png>]
<images/6/6.2.png, id=338, 284.56313pt x 356.0803pt>
File: images/6/6.2.png Graphic file (type png)
<use images/6/6.2.png>
Package luatex.def Info: images/6/6.2.png  used on input line 144.
(luatex.def)             Requested size: 170.71652pt x 213.6281pt.

Overfull \hbox (3.0pt too wide) in paragraph at lines 144--144
 [] 
 []

<images/6/6.3.png, id=339, 490.83376pt x 329.73187pt>
File: images/6/6.3.png Graphic file (type png)
<use images/6/6.3.png>
Package luatex.def Info: images/6/6.3.png  used on input line 145.
(luatex.def)             Requested size: 341.43306pt x 229.3768pt.

Overfull \hbox (3.0pt too wide) in paragraph at lines 145--145
 [] 
 []



[15

<./images/6/6.2.png><./images/6/6.3.png>]
<images/6/6.4.png, id=345, 284.56313pt x 356.0803pt>
File: images/6/6.4.png Graphic file (type png)
<use images/6/6.4.png>
Package luatex.def Info: images/6/6.4.png  used on input line 158.
(luatex.def)             Requested size: 170.71652pt x 213.6281pt.

Overfull \hbox (3.0pt too wide) in paragraph at lines 158--158
 [] 
 []

<images/6/6.5.png, id=346, 490.83376pt x 329.73187pt>
File: images/6/6.5.png Graphic file (type png)
<use images/6/6.5.png>
Package luatex.def Info: images/6/6.5.png  used on input line 159.
(luatex.def)             Requested size: 341.43306pt x 229.3768pt.

Overfull \hbox (3.0pt too wide) in paragraph at lines 159--159
 [] 
 []



[16

<./images/6/6.4.png><./images/6/6.5.png>]
<images/6/6.6.png, id=353, 284.56313pt x 356.0803pt>
File: images/6/6.6.png Graphic file (type png)
<use images/6/6.6.png>
Package luatex.def Info: images/6/6.6.png  used on input line 168.
(luatex.def)             Requested size: 199.16928pt x 249.2382pt.

Overfull \hbox (3.0pt too wide) in paragraph at lines 168--168
 [] 
 []

<images/6/6.7.png, id=354, 490.83376pt x 329.73187pt>
File: images/6/6.7.png Graphic file (type png)
<use images/6/6.7.png>
Package luatex.def Info: images/6/6.7.png  used on input line 169.
(luatex.def)             Requested size: 369.88582pt x 248.49069pt.

Overfull \hbox (3.0pt too wide) in paragraph at lines 169--169
 [] 
 []



[17<./images/6/6.6.png><./images/6/6.7.png>]
<images/6/6.8.png, id=360, 284.56313pt x 356.0803pt>
File: images/6/6.8.png Graphic file (type png)
<use images/6/6.8.png>
Package luatex.def Info: images/6/6.8.png  used on input line 182.
(luatex.def)             Requested size: 199.16928pt x 249.2382pt.

Overfull \hbox (3.0pt too wide) in paragraph at lines 182--182
 [] 
 []

<images/6/6.9.png, id=361, 490.83376pt x 329.73187pt>
File: images/6/6.9.png Graphic file (type png)
<use images/6/6.9.png>
Package luatex.def Info: images/6/6.9.png  used on input line 183.
(luatex.def)             Requested size: 369.88582pt x 248.49069pt.

Overfull \hbox (3.0pt too wide) in paragraph at lines 183--183
 [] 
 []



[18

<./images/6/6.8.png><./images/6/6.9.png>]
<images/6/6.10.png, id=367, 284.56313pt x 356.0803pt>
File: images/6/6.10.png Graphic file (type png)
<use images/6/6.10.png>
Package luatex.def Info: images/6/6.10.png  used on input line 194.
(luatex.def)             Requested size: 199.16928pt x 249.2382pt.

Overfull \hbox (3.0pt too wide) in paragraph at lines 194--194
 [] 
 []

<images/6/6.11.png, id=368, 490.83376pt x 329.73187pt>
File: images/6/6.11.png Graphic file (type png)
<use images/6/6.11.png>
Package luatex.def Info: images/6/6.11.png  used on input line 195.
(luatex.def)             Requested size: 369.88582pt x 248.49069pt.

Overfull \hbox (3.0pt too wide) in paragraph at lines 195--195
 [] 
 []



[19

<./images/6/6.10.png><./images/6/6.11.png>]
<images/6/6.12.png, id=374, 284.56313pt x 356.0803pt>
File: images/6/6.12.png Graphic file (type png)
<use images/6/6.12.png>
Package luatex.def Info: images/6/6.12.png  used on input line 206.
(luatex.def)             Requested size: 199.16928pt x 249.2382pt.

Overfull \hbox (3.0pt too wide) in paragraph at lines 206--206
 [] 
 []

<images/6/6.13.png, id=375, 490.83376pt x 329.73187pt>
File: images/6/6.13.png Graphic file (type png)
<use images/6/6.13.png>
Package luatex.def Info: images/6/6.13.png  used on input line 207.
(luatex.def)             Requested size: 369.88582pt x 248.49069pt.

Overfull \hbox (3.0pt too wide) in paragraph at lines 207--207
 [] 
 []



[20

<./images/6/6.12.png><./images/6/6.13.png>]
<images/6/6.14.png, id=381, 284.56313pt x 356.0803pt>
File: images/6/6.14.png Graphic file (type png)
<use images/6/6.14.png>
Package luatex.def Info: images/6/6.14.png  used on input line 220.
(luatex.def)             Requested size: 199.16928pt x 249.2382pt.

Overfull \hbox (3.0pt too wide) in paragraph at lines 220--220
 [] 
 []

<images/6/6.15.png, id=382, 490.83376pt x 329.73187pt>
File: images/6/6.15.png Graphic file (type png)
<use images/6/6.15.png>
Package luatex.def Info: images/6/6.15.png  used on input line 221.
(luatex.def)             Requested size: 369.88582pt x 248.49069pt.

Overfull \hbox (3.0pt too wide) in paragraph at lines 221--221
 [] 
 []



[21

<./images/6/6.14.png><./images/6/6.15.png>]
<images/7/7.1.png, id=389, 671.50874pt x 731.73375pt>
File: images/7/7.1.png Graphic file (type png)
<use images/7/7.1.png>
Package luatex.def Info: images/7/7.1.png  used on input line 228.
(luatex.def)             Requested size: 426.79134pt x 465.07005pt.


[22<./images/7/7.1.png>]
<images/7/7.2.png, id=396, 284.56313pt x 356.0803pt>
File: images/7/7.2.png Graphic file (type png)
<use images/7/7.2.png>
Package luatex.def Info: images/7/7.2.png  used on input line 234.
(luatex.def)             Requested size: 227.62204pt x 284.8429pt.
<images/7/7.3.png, id=397, 284.56313pt x 356.0803pt>
File: images/7/7.3.png Graphic file (type png)
<use images/7/7.3.png>
Package luatex.def Info: images/7/7.3.png  used on input line 238.
(luatex.def)             Requested size: 227.62204pt x 284.8429pt.


[23

<./images/7/7.2.png><./images/7/7.3.png>]
<images/8/8.1.png, id=404, 440.39531pt x 371.13657pt>
File: images/8/8.1.png Graphic file (type png)
<use images/8/8.1.png>
Package luatex.def Info: images/8/8.1.png  used on input line 246.
(luatex.def)             Requested size: 227.62204pt x 191.82552pt.
<images/8/8.2.png, id=405, 306.39468pt x 304.13625pt>
File: images/8/8.2.png Graphic file (type png)
<use images/8/8.2.png>
Package luatex.def Info: images/8/8.2.png  used on input line 250.
(luatex.def)             Requested size: 227.62204pt x 225.94366pt.
<images/8/8.3.png, id=406, 271.76532pt x 355.3275pt>
File: images/8/8.3.png Graphic file (type png)
<use images/8/8.3.png>
Package luatex.def Info: images/8/8.3.png  used on input line 252.
(luatex.def)             Requested size: 170.71652pt x 223.21771pt.


[24<./images/8/8.1.png><./images/8/8.2.png>]
<images/8/8.6.png, id=414, 335.00156pt x 369.63094pt>
File: images/8/8.6.png Graphic file (type png)
<use images/8/8.6.png>
Package luatex.def Info: images/8/8.6.png  used on input line 260.
(luatex.def)             Requested size: 199.16928pt x 219.75546pt.

Overfull \hbox (3.0pt too wide) in paragraph at lines 260--260
 [] 
 []

<images/8/8.10.png, id=415, 444.66125pt x 490.83376pt>
File: images/8/8.10.png Graphic file (type png)
<use images/8/8.10.png>
Package luatex.def Info: images/8/8.10.png  used on input line 261.
(luatex.def)             Requested size: 227.62204pt x 251.25809pt.

Overfull \hbox (3.0pt too wide) in paragraph at lines 261--261
 [] 
 []



[25<./images/8/8.3.png><./images/8/8.6.png><./images/8/8.10.png>]
<images/8/8.9.png, id=423, 335.00156pt x 369.63094pt>
File: images/8/8.9.png Graphic file (type png)
<use images/8/8.9.png>
Package luatex.def Info: images/8/8.9.png  used on input line 268.
(luatex.def)             Requested size: 199.16928pt x 219.75546pt.
<images/8/8.8.png, id=424, 332.74312pt x 396.7322pt>
File: images/8/8.8.png Graphic file (type png)
<use images/8/8.8.png>
Package luatex.def Info: images/8/8.8.png  used on input line 274.
(luatex.def)             Requested size: 199.16928pt x 237.4721pt.


[26<./images/8/8.9.png><./images/8/8.8.png>]
<images/9/9.1.png, id=431, 682.80093pt x 609.02531pt>
File: images/9/9.1.png Graphic file (type png)
<use images/9/9.1.png>
Package luatex.def Info: images/9/9.1.png  used on input line 280.
(luatex.def)             Requested size: 398.33858pt x 355.30725pt.
<images/9/9.2.png, id=432, 452.4403pt x 349.305pt>
File: images/9/9.2.png Graphic file (type png)
<use images/9/9.2.png>
Package luatex.def Info: images/9/9.2.png  used on input line 284.
(luatex.def)             Requested size: 284.52756pt x 219.66888pt.


[27<./images/9/9.1.png>]
<images/10/10.1.png, id=439, 474.27188pt x 378.66469pt>
File: images/10/10.1.png Graphic file (type png)
<use images/10/10.1.png>
Package luatex.def Info: images/10/10.1.png  used on input line 309.
(luatex.def)             Requested size: 341.43306pt x 272.61525pt.


[28<./images/9/9.2.png>]
<images/10/10.2.png, id=445, 283.81032pt x 380.17032pt>
File: images/10/10.2.png Graphic file (type png)
<use images/10/10.2.png>
Package luatex.def Info: images/10/10.2.png  used on input line 313.
(luatex.def)             Requested size: 227.62204pt x 304.91399pt.
<images/10/10.3.png, id=446, 411.78844pt x 201.00093pt>
File: images/10/10.3.png Graphic file (type png)
<use images/10/10.3.png>
Package luatex.def Info: images/10/10.3.png  used on input line 317.
(luatex.def)             Requested size: 284.52756pt x 138.884pt.


[29<./images/10/10.1.png><./images/10/10.2.png>]
<images/10/10.4.png, id=454, 671.50874pt x 315.42844pt>
File: images/10/10.4.png Graphic file (type png)
<use images/10/10.4.png>
Package luatex.def Info: images/10/10.4.png  used on input line 321.
(luatex.def)             Requested size: 398.33858pt x 187.1119pt.
<images/11/11.1.png, id=455, 480.29437pt x 377.91188pt>
File: images/11/11.1.png Graphic file (type png)
<use images/11/11.1.png>
Package luatex.def Info: images/11/11.1.png  used on input line 327.
(luatex.def)             Requested size: 284.52756pt x 223.87717pt.


[30<./images/10/10.3.png><./images/10/10.4.png>]
<images/11/11.2.png, id=462, 181.42781pt x 229.60782pt>
File: images/11/11.2.png Graphic file (type png)
<use images/11/11.2.png>
Package luatex.def Info: images/11/11.2.png  used on input line 331.
(luatex.def)             Requested size: 170.71652pt x 216.0556pt.
<images/11/11.3.png, id=463, 361.35pt x 319.1925pt>
File: images/11/11.3.png Graphic file (type png)
<use images/11/11.3.png>
Package luatex.def Info: images/11/11.3.png  used on input line 337.
(luatex.def)             Requested size: 170.71652pt x 150.79976pt.

Overfull \hbox (3.0pt too wide) in paragraph at lines 337--337
 [] 
 []

<images/11/11.4.png, id=464, 361.35pt x 319.1925pt>
File: images/11/11.4.png Graphic file (type png)
<use images/11/11.4.png>
Package luatex.def Info: images/11/11.4.png  used on input line 338.
(luatex.def)             Requested size: 170.71652pt x 150.79976pt.

Overfull \hbox (3.0pt too wide) in paragraph at lines 338--338
 [] 
 []

<images/11/11.5.png, id=465, 361.35pt x 319.1925pt>
File: images/11/11.5.png Graphic file (type png)
<use images/11/11.5.png>
Package luatex.def Info: images/11/11.5.png  used on input line 339.
(luatex.def)             Requested size: 170.71652pt x 150.79976pt.

Overfull \hbox (3.0pt too wide) in paragraph at lines 339--339
 [] 
 []

<images/11/11.6.png, id=466, 361.35pt x 319.1925pt>
File: images/11/11.6.png Graphic file (type png)
<use images/11/11.6.png>
Package luatex.def Info: images/11/11.6.png  used on input line 340.
(luatex.def)             Requested size: 170.71652pt x 150.79976pt.

Overfull \hbox (3.0pt too wide) in paragraph at lines 340--340
 [] 
 []

<images/11/11.7.png, id=467, 361.35pt x 319.1925pt>
File: images/11/11.7.png Graphic file (type png)
<use images/11/11.7.png>
Package luatex.def Info: images/11/11.7.png  used on input line 341.
(luatex.def)             Requested size: 170.71652pt x 150.79976pt.

Overfull \hbox (3.0pt too wide) in paragraph at lines 341--341
 [] 
 []

<images/11/11.8.png, id=468, 361.35pt x 319.1925pt>
File: images/11/11.8.png Graphic file (type png)
<use images/11/11.8.png>
Package luatex.def Info: images/11/11.8.png  used on input line 342.
(luatex.def)             Requested size: 170.71652pt x 150.79976pt.

Overfull \hbox (3.0pt too wide) in paragraph at lines 342--342
 [] 
 []



[31<./images/11/11.1.png><./images/11/11.2.png>]

[32<./images/11/11.3.png><./images/11/11.4.png><./images/11/11.5.png><./images/1
1/11.6.png><./images/11/11.7.png><./images/11/11.8.png>]
Overfull \hbox (5.54485pt too wide) in paragraph at lines 351--352
\TU/ArimoNerdFont(1)/m/n/10 Li-stę dru-ka-rek moż-na wy-świe-tlić w prze-gl
ą-dar-ce in-ter-ne-to-wej wpi-su-jąc ad-res: http://o18.iem.pw.edu.pl/ipp. 
 []

<images/12/12.1.png, id=482, 1439.3775pt x 782.925pt>
File: images/12/12.1.png Graphic file (type png)
<use images/12/12.1.png>
Package luatex.def Info: images/12/12.1.png  used on input line 353.
(luatex.def)             Requested size: 455.24408pt x 247.62617pt.

Overfull \hbox (2.99997pt too wide) in paragraph at lines 353--353
 [] 
 []

<images/12/12.2.png, id=483, 514.92375pt x 622.57594pt>
File: images/12/12.2.png Graphic file (type png)
<use images/12/12.2.png>
Package luatex.def Info: images/12/12.2.png  used on input line 359.
(luatex.def)             Requested size: 284.52756pt x 344.01378pt.


[33

<./images/12/12.1.png>]
<images/13/13.1.png, id=489, 235.63031pt x 214.55156pt>
File: images/13/13.1.png Graphic file (type png)
<use images/13/13.1.png>
Package luatex.def Info: images/13/13.1.png  used on input line 365.
(luatex.def)             Requested size: 170.71652pt x 155.44603pt.
<images/13/13.2.png, id=490, 444.15938pt x 344.78813pt>
File: images/13/13.2.png Graphic file (type png)
<use images/13/13.2.png>
Package luatex.def Info: images/13/13.2.png  used on input line 371.
(luatex.def)             Requested size: 227.62204pt x 176.69716pt.

Overfull \hbox (3.0pt too wide) in paragraph at lines 371--371
 [] 
 []

<images/13/13.3.png, id=491, 444.15938pt x 344.78813pt>
File: images/13/13.3.png Graphic file (type png)
<use images/13/13.3.png>
Package luatex.def Info: images/13/13.3.png  used on input line 372.
(luatex.def)             Requested size: 227.62204pt x 176.69716pt.

Overfull \hbox (3.0pt too wide) in paragraph at lines 372--372
 [] 
 []

<images/13/13.4.png, id=492, 444.15938pt x 344.78813pt>
File: images/13/13.4.png Graphic file (type png)
<use images/13/13.4.png>
Package luatex.def Info: images/13/13.4.png  used on input line 373.
(luatex.def)             Requested size: 227.62204pt x 176.69716pt.

Overfull \hbox (3.0pt too wide) in paragraph at lines 373--373
 [] 
 []



[34<./images/12/12.2.png><./images/13/13.1.png>]
<images/13/13.5.png, id=501, 444.15938pt x 344.78813pt>
File: images/13/13.5.png Graphic file (type png)
<use images/13/13.5.png>
Package luatex.def Info: images/13/13.5.png  used on input line 379.
(luatex.def)             Requested size: 199.16928pt x 154.60606pt.

Overfull \hbox (3.0pt too wide) in paragraph at lines 379--379
 [] 
 []

<images/13/13.6.png, id=502, 444.15938pt x 344.78813pt>
File: images/13/13.6.png Graphic file (type png)
<use images/13/13.6.png>
Package luatex.def Info: images/13/13.6.png  used on input line 380.
(luatex.def)             Requested size: 199.16928pt x 154.60606pt.

Overfull \hbox (3.0pt too wide) in paragraph at lines 380--380
 [] 
 []



[35<./images/13/13.2.png><./images/13/13.3.png><./images/13/13.4.png>]
<images/13/13.7.png, id=508, 558.58687pt x 515.67656pt>
File: images/13/13.7.png Graphic file (type png)
<use images/13/13.7.png>
Package luatex.def Info: images/13/13.7.png  used on input line 386.
(luatex.def)             Requested size: 341.43306pt x 315.21533pt.
<images/13/13.18.png, id=509, 348.55219pt x 397.485pt>
File: images/13/13.18.png Graphic file (type png)
<use images/13/13.18.png>
Package luatex.def Info: images/13/13.18.png  used on input line 390.
(luatex.def)             Requested size: 170.71652pt x 194.68443pt.

Overfull \hbox (3.0pt too wide) in paragraph at lines 390--390
 [] 
 []

<images/13/13.19.png, id=510, 348.55219pt x 397.485pt>
File: images/13/13.19.png Graphic file (type png)
<use images/13/13.19.png>
Package luatex.def Info: images/13/13.19.png  used on input line 391.
(luatex.def)             Requested size: 170.71652pt x 194.68443pt.

Overfull \hbox (3.0pt too wide) in paragraph at lines 391--391
 [] 
 []

<images/13/13.20.png, id=511, 348.55219pt x 397.485pt>
File: images/13/13.20.png Graphic file (type png)
<use images/13/13.20.png>
Package luatex.def Info: images/13/13.20.png  used on input line 392.
(luatex.def)             Requested size: 170.71652pt x 194.68443pt.

Overfull \hbox (3.0pt too wide) in paragraph at lines 392--392
 [] 
 []

<images/13/13.21.png, id=512, 348.55219pt x 397.485pt>
File: images/13/13.21.png Graphic file (type png)
<use images/13/13.21.png>
Package luatex.def Info: images/13/13.21.png  used on input line 393.
(luatex.def)             Requested size: 170.71652pt x 194.68443pt.

Overfull \hbox (3.0pt too wide) in paragraph at lines 393--393
 [] 
 []

<images/13/13.22.png, id=513, 348.55219pt x 397.485pt>
File: images/13/13.22.png Graphic file (type png)
<use images/13/13.22.png>
Package luatex.def Info: images/13/13.22.png  used on input line 394.
(luatex.def)             Requested size: 170.71652pt x 194.68443pt.

Overfull \hbox (3.0pt too wide) in paragraph at lines 394--394
 [] 
 []



[36<./images/13/13.5.png><./images/13/13.6.png><./images/13/13.7.png>]
<images/13/13.23.png, id=521, 348.55219pt x 397.485pt>
File: images/13/13.23.png Graphic file (type png)
<use images/13/13.23.png>
Package luatex.def Info: images/13/13.23.png  used on input line 401.
(luatex.def)             Requested size: 170.71652pt x 194.68443pt.

Overfull \hbox (3.0pt too wide) in paragraph at lines 401--401
 [] 
 []

<images/13/13.24.png, id=522, 348.55219pt x 397.485pt>
File: images/13/13.24.png Graphic file (type png)
<use images/13/13.24.png>
Package luatex.def Info: images/13/13.24.png  used on input line 402.
(luatex.def)             Requested size: 170.71652pt x 194.68443pt.

Overfull \hbox (3.0pt too wide) in paragraph at lines 402--402
 [] 
 []



[37<./images/13/13.18.png><./images/13/13.19.png><./images/13/13.20.png><./image
s/13/13.21.png><./images/13/13.22.png>]
<images/13/13.17.png, id=528, 453.19313pt x 506.6428pt>
File: images/13/13.17.png Graphic file (type png)
<use images/13/13.17.png>
Package luatex.def Info: images/13/13.17.png  used on input line 408.
(luatex.def)             Requested size: 341.43306pt x 381.70512pt.


[38<./images/13/13.23.png><./images/13/13.24.png><./images/13/13.17.png>]
<images/14/14.1.jpg, id=535, 637.9032pt x 489.7497pt>
File: images/14/14.1.jpg Graphic file (type jpg)
<use images/14/14.1.jpg>
Package luatex.def Info: images/14/14.1.jpg  used on input line 418.
(luatex.def)             Requested size: 227.62204pt x 174.75537pt.

Overfull \hbox (3.0pt too wide) in paragraph at lines 418--418
 [] 
 []

<images/14/14.2.png, id=536, 446.41782pt x 237.88875pt>
File: images/14/14.2.png Graphic file (type png)
<use images/14/14.2.png>
Package luatex.def Info: images/14/14.2.png  used on input line 419.
(luatex.def)             Requested size: 170.71652pt x 90.97217pt.

Overfull \hbox (3.0pt too wide) in paragraph at lines 419--419
 [] 
 []

<images/14/14.3.jpg, id=537, 582.7371pt x 438.438pt>
File: images/14/14.3.jpg Graphic file (type jpg)
<use images/14/14.3.jpg>
Package luatex.def Info: images/14/14.3.jpg  used on input line 425.
(luatex.def)             Requested size: 227.62204pt x 171.25772pt.

Overfull \hbox (3.0pt too wide) in paragraph at lines 425--425
 [] 
 []

<images/14/14.4.png, id=538, 444.91219pt x 236.38312pt>
File: images/14/14.4.png Graphic file (type png)
<use images/14/14.4.png>
Package luatex.def Info: images/14/14.4.png  used on input line 426.
(luatex.def)             Requested size: 170.71652pt x 90.70299pt.

Overfull \hbox (3.0pt too wide) in paragraph at lines 426--426
 [] 
 []

<images/14/14.5.jpg, id=539, 663.4386pt x 503.481pt>
File: images/14/14.5.jpg Graphic file (type jpg)
<use images/14/14.5.jpg>
Package luatex.def Info: images/14/14.5.jpg  used on input line 432.
(luatex.def)             Requested size: 227.62204pt x 172.74081pt.

Overfull \hbox (3.0pt too wide) in paragraph at lines 432--432
 [] 
 []

<images/14/14.6.png, id=540, 446.41782pt x 237.88875pt>
File: images/14/14.6.png Graphic file (type png)
<use images/14/14.6.png>
Package luatex.def Info: images/14/14.6.png  used on input line 433.
(luatex.def)             Requested size: 170.71652pt x 90.97217pt.

Overfull \hbox (3.0pt too wide) in paragraph at lines 433--433
 [] 
 []



[39<./images/14/14.1.jpg><./images/14/14.2.png><./images/14/14.3.jpg><./images/1
4/14.4.png>]
<images/14/14.7.jpg, id=548, 597.432pt x 451.2057pt>
File: images/14/14.7.jpg Graphic file (type jpg)
<use images/14/14.7.jpg>
Package luatex.def Info: images/14/14.7.jpg  used on input line 441.
(luatex.def)             Requested size: 170.71652pt x 128.93231pt.

Overfull \hbox (3.0pt too wide) in paragraph at lines 441--441
 [] 
 []

<images/14/14.12.png, id=549, 446.41782pt x 237.88875pt>
File: images/14/14.12.png Graphic file (type png)
<use images/14/14.12.png>
Package luatex.def Info: images/14/14.12.png  used on input line 442.
(luatex.def)             Requested size: 170.71652pt x 90.97217pt.

Overfull \hbox (3.0pt too wide) in paragraph at lines 442--442
 [] 
 []

<images/14/14.20.jpg, id=550, 594.3003pt x 453.1329pt>
File: images/14/14.20.jpg Graphic file (type jpg)
<use images/14/14.20.jpg>
Package luatex.def Info: images/14/14.20.jpg  used on input line 448.
(luatex.def)             Requested size: 170.71652pt x 130.1606pt.

Overfull \hbox (3.0pt too wide) in paragraph at lines 448--448
 [] 
 []

<images/14/14.8.png, id=551, 446.41782pt x 237.88875pt>
File: images/14/14.8.png Graphic file (type png)
<use images/14/14.8.png>
Package luatex.def Info: images/14/14.8.png  used on input line 449.
(luatex.def)             Requested size: 170.71652pt x 90.97217pt.

Overfull \hbox (3.0pt too wide) in paragraph at lines 449--449
 [] 
 []

<images/14/14.9.jpg, id=552, 613.0905pt x 465.6597pt>
File: images/14/14.9.jpg Graphic file (type jpg)
<use images/14/14.9.jpg>
Package luatex.def Info: images/14/14.9.jpg  used on input line 455.
(luatex.def)             Requested size: 170.71652pt x 129.66617pt.

Overfull \hbox (3.0pt too wide) in paragraph at lines 455--455
 [] 
 []

<images/14/14.10.png, id=553, 446.41782pt x 237.88875pt>
File: images/14/14.10.png Graphic file (type png)
<use images/14/14.10.png>
Package luatex.def Info: images/14/14.10.png  used on input line 456.
(luatex.def)             Requested size: 170.71652pt x 90.97217pt.

Overfull \hbox (3.0pt too wide) in paragraph at lines 456--456
 [] 
 []



[40<./images/14/14.5.jpg><./images/14/14.6.png><./images/14/14.7.jpg><./images/1
4/14.12.png><./images/14/14.20.jpg><./images/14/14.8.png>]
<images/14/14.11.jpg, id=561, 616.704pt x 453.6147pt>
File: images/14/14.11.jpg Graphic file (type jpg)
<use images/14/14.11.jpg>
Package luatex.def Info: images/14/14.11.jpg  used on input line 464.
(luatex.def)             Requested size: 170.71652pt x 125.57155pt.

Overfull \hbox (3.0pt too wide) in paragraph at lines 464--464
 [] 
 []

File: images/14/14.12.png Graphic file (type png)
<use images/14/14.12.png>
Package luatex.def Info: images/14/14.12.png  used on input line 465.
(luatex.def)             Requested size: 170.71652pt x 90.97217pt.

Overfull \hbox (3.0pt too wide) in paragraph at lines 465--465
 [] 
 []

<images/14/14.13.jpg, id=562, 565.1514pt x 422.2977pt>
File: images/14/14.13.jpg Graphic file (type jpg)
<use images/14/14.13.jpg>
Package luatex.def Info: images/14/14.13.jpg  used on input line 471.
(luatex.def)             Requested size: 170.71652pt x 127.56018pt.

Overfull \hbox (3.0pt too wide) in paragraph at lines 471--471
 [] 
 []

<images/14/14.18.png, id=563, 446.41782pt x 237.88875pt>
File: images/14/14.18.png Graphic file (type png)
<use images/14/14.18.png>
Package luatex.def Info: images/14/14.18.png  used on input line 472.
(luatex.def)             Requested size: 170.71652pt x 90.97217pt.

Overfull \hbox (3.0pt too wide) in paragraph at lines 472--472
 [] 
 []

<images/14/14.15.jpg, id=564, 627.3036pt x 471.6822pt>
File: images/14/14.15.jpg Graphic file (type jpg)
<use images/14/14.15.jpg>
Package luatex.def Info: images/14/14.15.jpg  used on input line 478.
(luatex.def)             Requested size: 170.71652pt x 128.36351pt.

Overfull \hbox (3.0pt too wide) in paragraph at lines 478--478
 [] 
 []

<images/14/14.14.png, id=565, 444.91219pt x 236.38312pt>
File: images/14/14.14.png Graphic file (type png)
<use images/14/14.14.png>
Package luatex.def Info: images/14/14.14.png  used on input line 479.
(luatex.def)             Requested size: 170.71652pt x 90.70299pt.

Overfull \hbox (3.0pt too wide) in paragraph at lines 479--479
 [] 
 []



[41<./images/14/14.9.jpg><./images/14/14.10.png><./images/14/14.11.jpg><./images
/14/14.13.jpg><./images/14/14.18.png>]
<images/14/14.17.jpg, id=574, 550.6974pt x 415.0707pt>
File: images/14/14.17.jpg Graphic file (type jpg)
<use images/14/14.17.jpg>
Package luatex.def Info: images/14/14.17.jpg  used on input line 485.
(luatex.def)             Requested size: 227.62204pt x 171.56078pt.
<images/14/14.19.jpg, id=575, 620.5584pt x 468.5505pt>
File: images/14/14.19.jpg Graphic file (type jpg)
<use images/14/14.19.jpg>
Package luatex.def Info: images/14/14.19.jpg  used on input line 487.
(luatex.def)             Requested size: 227.62204pt x 171.86673pt.


[42<./images/14/14.15.jpg><./images/14/14.14.png><./images/14/14.17.jpg><./image
s/14/14.19.jpg>]

[43] (./SP2INF_Aleksander_Jóźwik_3_337338.aux)
 ***********
LaTeX2e <2024-11-01> patch level 2
L3 programming layer <2025-01-18>
 ***********
Package rerunfilecheck Info: File `SP2INF_Aleksander_Jóźwik_3_337338.out' has
 not changed.
(rerunfilecheck)             Checksum: C411849C0E517CAA4D1DF48355BD589F;8089.
Package logreq Info: Writing requests to 'SP2INF_Aleksander_Jóźwik_3_337338.r
un.xml'.

\openout1 = SP2INF_Aleksander_Jóźwik_3_337338.run.xml
)

Here is how much of LuaTeX's memory you used:
 40795 strings out of 475506
 125165,1977958 words of node,token memory allocated
 1557 words of node memory still in use:
   30 hlist, 2 vlist, 14 rule, 13 glue, 4 kern, 1 glyph, 105 attribute, 79 glue_
spec, 90 attribute_list, 2 write, 24 pdf_literal, 24 pdf_colorstack nodes
   avail lists: 1:2,2:3751,3:1423,4:295,5:304,6:126,7:5382,8:2,9:747,10:9,11:613

 62507 multiletter control sequences out of 65536+600000
 71 fonts using 185474295 bytes
 103i,11n,105p,1227b,2054s stack positions out of 10000i,1000n,20000p,200000b,200000s
</usr/share/fonts/TTF/ArimoNerdFont-Bold.ttf></usr/share/fonts/TTF/ArimoNerdFont
-Regular.ttf>
Output written on SP2INF_Aleksander_Jóźwik_3_337338.pdf (43 pages, 59546905 by
tes).

PDF statistics: 618 PDF objects out of 1000 (max. 8388607)
 412 compressed objects within 5 object streams
 145 named destinations out of 1000 (max. 131072)
 536 words of extra memory for PDF output out of 10000 (max. 100000000)

